{"/workspaces/juvr/server/src/models/userHistory.model.ts": {"path":"/workspaces/juvr/server/src/models/userHistory.model.ts","statementMap":{"0":{"start":{"line":1,"column":0},"end":{"line":1,"column":46}},"1":{"start":{"line":4,"column":0},"end":{"line":4,"column":null}},"2":{"start":{"line":5,"column":2},"end":{"line":5,"column":null}},"3":{"start":{"line":6,"column":2},"end":{"line":6,"column":null}},"4":{"start":{"line":7,"column":2},"end":{"line":7,"column":null}},"5":{"start":{"line":8,"column":2},"end":{"line":8,"column":null}},"6":{"start":{"line":9,"column":2},"end":{"line":9,"column":null}},"7":{"start":{"line":10,"column":2},"end":{"line":10,"column":null}},"8":{"start":{"line":11,"column":2},"end":{"line":11,"column":null}},"9":{"start":{"line":185,"column":26},"end":{"line":274,"column":2}},"10":{"start":{"line":277,"column":0},"end":{"line":299,"column":3}},"11":{"start":{"line":279,"column":2},"end":{"line":284,"column":3}},"12":{"start":{"line":280,"column":4},"end":{"line":280,"column":43}},"13":{"start":{"line":280,"column":20},"end":{"line":280,"column":43}},"14":{"start":{"line":281,"column":4},"end":{"line":281,"column":57}},"15":{"start":{"line":281,"column":38},"end":{"line":281,"column":57}},"16":{"start":{"line":282,"column":4},"end":{"line":282,"column":53}},"17":{"start":{"line":282,"column":36},"end":{"line":282,"column":53}},"18":{"start":{"line":283,"column":4},"end":{"line":283,"column":35}},"19":{"start":{"line":283,"column":20},"end":{"line":283,"column":35}},"20":{"start":{"line":287,"column":2},"end":{"line":291,"column":3}},"21":{"start":{"line":288,"column":4},"end":{"line":290,"column":33}},"22":{"start":{"line":289,"column":18},"end":{"line":289,"column":73}},"23":{"start":{"line":290,"column":21},"end":{"line":290,"column":31}},"24":{"start":{"line":294,"column":2},"end":{"line":296,"column":3}},"25":{"start":{"line":295,"column":4},"end":{"line":295,"column":68}},"26":{"start":{"line":298,"column":2},"end":{"line":298,"column":9}},"27":{"start":{"line":302,"column":0},"end":{"line":307,"column":3}},"28":{"start":{"line":303,"column":14},"end":{"line":303,"column":24}},"29":{"start":{"line":304,"column":22},"end":{"line":304,"column":81}},"30":{"start":{"line":305,"column":19},"end":{"line":305,"column":66}},"31":{"start":{"line":306,"column":2},"end":{"line":306,"column":53}},"32":{"start":{"line":310,"column":0},"end":{"line":312,"column":3}},"33":{"start":{"line":311,"column":2},"end":{"line":311,"column":36}},"34":{"start":{"line":315,"column":0},"end":{"line":317,"column":3}},"35":{"start":{"line":316,"column":2},"end":{"line":316,"column":37}},"36":{"start":{"line":320,"column":0},"end":{"line":322,"column":3}},"37":{"start":{"line":321,"column":2},"end":{"line":321,"column":65}},"38":{"start":{"line":325,"column":0},"end":{"line":329,"column":3}},"39":{"start":{"line":326,"column":2},"end":{"line":327,"column":74}},"40":{"start":{"line":326,"column":21},"end":{"line":326,"column":37}},"41":{"start":{"line":327,"column":7},"end":{"line":327,"column":74}},"42":{"start":{"line":327,"column":58},"end":{"line":327,"column":74}},"43":{"start":{"line":328,"column":2},"end":{"line":328,"column":19}},"44":{"start":{"line":332,"column":0},"end":{"line":332,"column":46}},"45":{"start":{"line":333,"column":0},"end":{"line":333,"column":38}},"46":{"start":{"line":334,"column":0},"end":{"line":334,"column":37}},"47":{"start":{"line":335,"column":0},"end":{"line":335,"column":41}},"48":{"start":{"line":336,"column":0},"end":{"line":336,"column":64}},"49":{"start":{"line":337,"column":0},"end":{"line":337,"column":45}},"50":{"start":{"line":338,"column":0},"end":{"line":338,"column":52}},"51":{"start":{"line":339,"column":0},"end":{"line":339,"column":43}},"52":{"start":{"line":342,"column":0},"end":{"line":342,"column":62}},"53":{"start":{"line":343,"column":0},"end":{"line":343,"column":56}},"54":{"start":{"line":344,"column":0},"end":{"line":344,"column":60}},"55":{"start":{"line":345,"column":0},"end":{"line":345,"column":67}},"56":{"start":{"line":346,"column":0},"end":{"line":346,"column":57}},"57":{"start":{"line":347,"column":0},"end":{"line":347,"column":55}},"58":{"start":{"line":348,"column":0},"end":{"line":348,"column":54}},"59":{"start":{"line":354,"column":0},"end":{"line":421,"column":2}},"60":{"start":{"line":359,"column":4},"end":{"line":359,"column":47}},"61":{"start":{"line":360,"column":4},"end":{"line":360,"column":35}},"62":{"start":{"line":361,"column":4},"end":{"line":361,"column":23}},"63":{"start":{"line":370,"column":4},"end":{"line":374,"column":6}},"64":{"start":{"line":375,"column":4},"end":{"line":375,"column":23}},"65":{"start":{"line":383,"column":4},"end":{"line":383,"column":35}},"66":{"start":{"line":383,"column":20},"end":{"line":383,"column":35}},"67":{"start":{"line":385,"column":20},"end":{"line":385,"column":65}},"68":{"start":{"line":385,"column":39},"end":{"line":385,"column":65}},"69":{"start":{"line":386,"column":4},"end":{"line":389,"column":5}},"70":{"start":{"line":387,"column":6},"end":{"line":387,"column":45}},"71":{"start":{"line":388,"column":6},"end":{"line":388,"column":25}},"72":{"start":{"line":390,"column":4},"end":{"line":390,"column":16}},"73":{"start":{"line":397,"column":4},"end":{"line":397,"column":39}},"74":{"start":{"line":398,"column":4},"end":{"line":398,"column":23}},"75":{"start":{"line":405,"column":24},"end":{"line":405,"column":39}},"76":{"start":{"line":406,"column":4},"end":{"line":406,"column":27}},"77":{"start":{"line":407,"column":4},"end":{"line":407,"column":27}},"78":{"start":{"line":408,"column":4},"end":{"line":408,"column":50}},"79":{"start":{"line":409,"column":4},"end":{"line":409,"column":34}},"80":{"start":{"line":410,"column":4},"end":{"line":410,"column":49}},"81":{"start":{"line":417,"column":4},"end":{"line":417,"column":47}},"82":{"start":{"line":417,"column":26},"end":{"line":417,"column":47}},"83":{"start":{"line":418,"column":4},"end":{"line":418,"column":37}},"84":{"start":{"line":419,"column":4},"end":{"line":419,"column":23}},"85":{"start":{"line":424,"column":0},"end":{"line":473,"column":2}},"86":{"start":{"line":431,"column":4},"end":{"line":433,"column":20}},"87":{"start":{"line":442,"column":4},"end":{"line":444,"column":20}},"88":{"start":{"line":452,"column":4},"end":{"line":455,"column":7}},"89":{"start":{"line":463,"column":30},"end":{"line":472,"column":null}},"90":{"start":{"line":464,"column":19},"end":{"line":464,"column":48}},"91":{"start":{"line":465,"column":4},"end":{"line":465,"column":71}},"92":{"start":{"line":465,"column":61},"end":{"line":465,"column":71}},"93":{"start":{"line":467,"column":4},"end":{"line":471,"column":20}},"94":{"start":{"line":475,"column":20},"end":{"line":475,"column":82}},"95":{"start":{"line":477,"column":0},"end":{"line":477,"column":27}}},"fnMap":{"0":{"name":"(anonymous_7)","decl":{"start":{"line":4,"column":0},"end":{"line":4,"column":12}},"loc":{"start":{"line":4,"column":23},"end":{"line":12,"column":1}}},"1":{"name":"(anonymous_8)","decl":{"start":{"line":277,"column":30},"end":{"line":277,"column":39}},"loc":{"start":{"line":277,"column":43},"end":{"line":299,"column":1}}},"2":{"name":"(anonymous_9)","decl":{"start":{"line":289,"column":11},"end":{"line":289,"column":14}},"loc":{"start":{"line":289,"column":18},"end":{"line":289,"column":73}}},"3":{"name":"(anonymous_10)","decl":{"start":{"line":290,"column":14},"end":{"line":290,"column":17}},"loc":{"start":{"line":290,"column":21},"end":{"line":290,"column":31}}},"4":{"name":"(anonymous_11)","decl":{"start":{"line":302,"column":43},"end":{"line":302,"column":null}},"loc":{"start":{"line":302,"column":43},"end":{"line":307,"column":1}}},"5":{"name":"(anonymous_12)","decl":{"start":{"line":310,"column":41},"end":{"line":310,"column":null}},"loc":{"start":{"line":310,"column":41},"end":{"line":312,"column":1}}},"6":{"name":"(anonymous_13)","decl":{"start":{"line":315,"column":43},"end":{"line":315,"column":null}},"loc":{"start":{"line":315,"column":43},"end":{"line":317,"column":1}}},"7":{"name":"(anonymous_14)","decl":{"start":{"line":320,"column":44},"end":{"line":320,"column":null}},"loc":{"start":{"line":320,"column":44},"end":{"line":322,"column":1}}},"8":{"name":"(anonymous_15)","decl":{"start":{"line":325,"column":45},"end":{"line":325,"column":null}},"loc":{"start":{"line":325,"column":45},"end":{"line":329,"column":1}}},"9":{"name":"(anonymous_16)","decl":{"start":{"line":358,"column":22},"end":{"line":358,"column":null}},"loc":{"start":{"line":358,"column":22},"end":{"line":362,"column":3}}},"10":{"name":"(anonymous_17)","decl":{"start":{"line":369,"column":13},"end":{"line":369,"column":22}},"loc":{"start":{"line":369,"column":54},"end":{"line":376,"column":3}}},"11":{"name":"(anonymous_18)","decl":{"start":{"line":382,"column":11},"end":{"line":382,"column":20}},"loc":{"start":{"line":382,"column":34},"end":{"line":391,"column":3}}},"12":{"name":"(anonymous_19)","decl":{"start":{"line":385,"column":32},"end":{"line":385,"column":35}},"loc":{"start":{"line":385,"column":38},"end":{"line":385,"column":65}}},"13":{"name":"(anonymous_20)","decl":{"start":{"line":396,"column":18},"end":{"line":396,"column":null}},"loc":{"start":{"line":396,"column":18},"end":{"line":399,"column":3}}},"14":{"name":"(anonymous_21)","decl":{"start":{"line":404,"column":20},"end":{"line":404,"column":null}},"loc":{"start":{"line":404,"column":20},"end":{"line":411,"column":null}}},"15":{"name":"(anonymous_23)","decl":{"start":{"line":416,"column":16},"end":{"line":416,"column":null}},"loc":{"start":{"line":416,"column":16},"end":{"line":420,"column":3}}},"16":{"name":"(anonymous_24)","decl":{"start":{"line":430,"column":15},"end":{"line":430,"column":24}},"loc":{"start":{"line":430,"column":49},"end":{"line":434,"column":3}}},"17":{"name":"(anonymous_25)","decl":{"start":{"line":441,"column":14},"end":{"line":441,"column":23}},"loc":{"start":{"line":441,"column":48},"end":{"line":445,"column":3}}},"18":{"name":"(anonymous_26)","decl":{"start":{"line":451,"column":15},"end":{"line":451,"column":30}},"loc":{"start":{"line":451,"column":44},"end":{"line":456,"column":null}}},"19":{"name":"(anonymous_28)","decl":{"start":{"line":463,"column":15},"end":{"line":463,"column":30}},"loc":{"start":{"line":463,"column":15},"end":{"line":472,"column":null}}},"20":{"name":"(anonymous_29)","decl":{"start":{"line":463,"column":30},"end":{"line":463,"column":46}},"loc":{"start":{"line":463,"column":57},"end":{"line":472,"column":3}}}},"branchMap":{"0":{"loc":{"start":{"line":4,"column":12},"end":{"line":4,"column":null}},"type":"binary-expr","locations":[{"start":{"line":4,"column":12},"end":{"line":4,"column":23}},{"start":{"line":4,"column":23},"end":{"line":4,"column":null}}]},"1":{"loc":{"start":{"line":279,"column":2},"end":{"line":284,"column":3}},"type":"if","locations":[{"start":{"line":279,"column":2},"end":{"line":284,"column":3}}]},"2":{"loc":{"start":{"line":280,"column":4},"end":{"line":280,"column":43}},"type":"if","locations":[{"start":{"line":280,"column":4},"end":{"line":280,"column":43}}]},"3":{"loc":{"start":{"line":281,"column":4},"end":{"line":281,"column":57}},"type":"if","locations":[{"start":{"line":281,"column":4},"end":{"line":281,"column":57}}]},"4":{"loc":{"start":{"line":282,"column":4},"end":{"line":282,"column":53}},"type":"if","locations":[{"start":{"line":282,"column":4},"end":{"line":282,"column":53}}]},"5":{"loc":{"start":{"line":283,"column":4},"end":{"line":283,"column":35}},"type":"if","locations":[{"start":{"line":283,"column":4},"end":{"line":283,"column":35}}]},"6":{"loc":{"start":{"line":287,"column":2},"end":{"line":291,"column":3}},"type":"if","locations":[{"start":{"line":287,"column":2},"end":{"line":291,"column":3}}]},"7":{"loc":{"start":{"line":287,"column":6},"end":{"line":287,"column":43}},"type":"binary-expr","locations":[{"start":{"line":287,"column":6},"end":{"line":287,"column":15}},{"start":{"line":287,"column":19},"end":{"line":287,"column":43}}]},"8":{"loc":{"start":{"line":289,"column":18},"end":{"line":289,"column":73}},"type":"cond-expr","locations":[{"start":{"line":289,"column":44},"end":{"line":289,"column":68}},{"start":{"line":289,"column":71},"end":{"line":289,"column":73}}]},"9":{"loc":{"start":{"line":294,"column":2},"end":{"line":296,"column":3}},"type":"if","locations":[{"start":{"line":294,"column":2},"end":{"line":296,"column":3}}]},"10":{"loc":{"start":{"line":294,"column":6},"end":{"line":294,"column":58}},"type":"binary-expr","locations":[{"start":{"line":294,"column":6},"end":{"line":294,"column":17}},{"start":{"line":294,"column":21},"end":{"line":294,"column":58}}]},"11":{"loc":{"start":{"line":304,"column":22},"end":{"line":304,"column":81}},"type":"cond-expr","locations":[{"start":{"line":304,"column":50},"end":{"line":304,"column":59}},{"start":{"line":304,"column":62},"end":{"line":304,"column":81}}]},"12":{"loc":{"start":{"line":316,"column":10},"end":{"line":316,"column":29}},"type":"binary-expr","locations":[{"start":{"line":316,"column":10},"end":{"line":316,"column":24}},{"start":{"line":316,"column":28},"end":{"line":316,"column":29}}]},"13":{"loc":{"start":{"line":321,"column":9},"end":{"line":321,"column":64}},"type":"cond-expr","locations":[{"start":{"line":321,"column":45},"end":{"line":321,"column":57}},{"start":{"line":321,"column":60},"end":{"line":321,"column":64}}]},"14":{"loc":{"start":{"line":321,"column":9},"end":{"line":321,"column":42}},"type":"binary-expr","locations":[{"start":{"line":321,"column":9},"end":{"line":321,"column":18}},{"start":{"line":321,"column":22},"end":{"line":321,"column":42}}]},"15":{"loc":{"start":{"line":326,"column":2},"end":{"line":327,"column":74}},"type":"if","locations":[{"start":{"line":326,"column":2},"end":{"line":327,"column":74}},{"start":{"line":327,"column":7},"end":{"line":327,"column":74}}]},"16":{"loc":{"start":{"line":327,"column":7},"end":{"line":327,"column":74}},"type":"if","locations":[{"start":{"line":327,"column":7},"end":{"line":327,"column":74}}]},"17":{"loc":{"start":{"line":327,"column":11},"end":{"line":327,"column":56}},"type":"binary-expr","locations":[{"start":{"line":327,"column":11},"end":{"line":327,"column":26}},{"start":{"line":327,"column":30},"end":{"line":327,"column":56}}]},"18":{"loc":{"start":{"line":359,"column":22},"end":{"line":359,"column":41}},"type":"binary-expr","locations":[{"start":{"line":359,"column":22},"end":{"line":359,"column":36}},{"start":{"line":359,"column":40},"end":{"line":359,"column":41}}]},"19":{"loc":{"start":{"line":383,"column":4},"end":{"line":383,"column":35}},"type":"if","locations":[{"start":{"line":383,"column":4},"end":{"line":383,"column":35}}]},"20":{"loc":{"start":{"line":385,"column":40},"end":{"line":385,"column":64}},"type":"cond-expr","locations":[{"start":{"line":385,"column":49},"end":{"line":385,"column":51}},{"start":{"line":385,"column":49},"end":{"line":385,"column":64}}]},"21":{"loc":{"start":{"line":385,"column":40},"end":{"line":385,"column":51}},"type":"binary-expr","locations":[{"start":{"line":385,"column":40},"end":{"line":385,"column":51}},{"start":{"line":385,"column":49},"end":{"line":385,"column":51}}]},"22":{"loc":{"start":{"line":386,"column":4},"end":{"line":389,"column":5}},"type":"if","locations":[{"start":{"line":386,"column":4},"end":{"line":389,"column":5}}]},"23":{"loc":{"start":{"line":408,"column":27},"end":{"line":408,"column":44}},"type":"binary-expr","locations":[{"start":{"line":408,"column":27},"end":{"line":408,"column":39}},{"start":{"line":408,"column":43},"end":{"line":408,"column":44}}]},"24":{"loc":{"start":{"line":417,"column":4},"end":{"line":417,"column":47}},"type":"if","locations":[{"start":{"line":417,"column":4},"end":{"line":417,"column":47}}]},"25":{"loc":{"start":{"line":430,"column":40},"end":{"line":430,"column":49}},"type":"default-arg","locations":[{"start":{"line":430,"column":48},"end":{"line":430,"column":49}}]},"26":{"loc":{"start":{"line":441,"column":39},"end":{"line":441,"column":48}},"type":"default-arg","locations":[{"start":{"line":441,"column":47},"end":{"line":441,"column":48}}]},"27":{"loc":{"start":{"line":463,"column":48},"end":{"line":463,"column":57}},"type":"default-arg","locations":[{"start":{"line":463,"column":56},"end":{"line":463,"column":57}}]},"28":{"loc":{"start":{"line":465,"column":4},"end":{"line":465,"column":71}},"type":"if","locations":[{"start":{"line":465,"column":4},"end":{"line":465,"column":71}}]},"29":{"loc":{"start":{"line":465,"column":8},"end":{"line":465,"column":59}},"type":"binary-expr","locations":[{"start":{"line":465,"column":8},"end":{"line":465,"column":15}},{"start":{"line":465,"column":19},"end":{"line":465,"column":31}},{"start":{"line":465,"column":35},"end":{"line":465,"column":59}}]}},"s":{"0":1,"1":1,"2":1,"3":1,"4":1,"5":1,"6":1,"7":1,"8":1,"9":1,"10":1,"11":0,"12":0,"13":0,"14":0,"15":0,"16":0,"17":0,"18":0,"19":0,"20":0,"21":0,"22":0,"23":0,"24":0,"25":0,"26":0,"27":1,"28":0,"29":0,"30":0,"31":0,"32":1,"33":0,"34":1,"35":0,"36":1,"37":0,"38":1,"39":0,"40":0,"41":0,"42":0,"43":0,"44":1,"45":1,"46":1,"47":1,"48":1,"49":1,"50":1,"51":1,"52":1,"53":1,"54":1,"55":1,"56":1,"57":1,"58":1,"59":1,"60":0,"61":0,"62":0,"63":0,"64":0,"65":0,"66":0,"67":0,"68":0,"69":0,"70":0,"71":0,"72":0,"73":0,"74":0,"75":0,"76":0,"77":0,"78":0,"79":0,"80":0,"81":0,"82":0,"83":0,"84":0,"85":1,"86":0,"87":0,"88":0,"89":0,"90":0,"91":0,"92":0,"93":0,"94":1,"95":1},"f":{"0":1,"1":0,"2":0,"3":0,"4":0,"5":0,"6":0,"7":0,"8":0,"9":0,"10":0,"11":0,"12":0,"13":0,"14":0,"15":0,"16":0,"17":0,"18":0,"19":0,"20":0},"b":{"0":[1,1],"1":[0],"2":[0],"3":[0],"4":[0],"5":[0],"6":[0],"7":[0,0],"8":[0,0],"9":[0],"10":[0,0],"11":[0,0],"12":[0,0],"13":[0,0],"14":[0,0],"15":[0,0],"16":[0],"17":[0,0],"18":[0,0],"19":[0],"20":[0,0],"21":[0,0],"22":[0],"23":[0,0],"24":[0],"25":[0],"26":[0],"27":[0],"28":[0],"29":[0,0,0]}}
,"/workspaces/juvr/server/src/services/ai.service.ts": {"path":"/workspaces/juvr/server/src/services/ai.service.ts","statementMap":{"0":{"start":{"line":1,"column":0},"end":{"line":1,"column":26}},"1":{"start":{"line":2,"column":0},"end":{"line":2,"column":42}},"2":{"start":{"line":3,"column":0},"end":{"line":3,"column":33}},"3":{"start":{"line":6,"column":0},"end":{"line":6,"column":16}},"4":{"start":{"line":9,"column":19},"end":{"line":9,"column":83}},"5":{"start":{"line":10,"column":19},"end":{"line":10,"column":56}},"6":{"start":{"line":11,"column":17},"end":{"line":11,"column":57}},"7":{"start":{"line":26,"column":4},"end":{"line":26,"column":89}},"8":{"start":{"line":27,"column":4},"end":{"line":27,"column":56}},"9":{"start":{"line":36,"column":21},"end":{"line":88,"column":null}},"10":{"start":{"line":37,"column":4},"end":{"line":87,"column":5}},"11":{"start":{"line":44,"column":10},"end":{"line":44,"column":17}},"12":{"start":{"line":46,"column":6},"end":{"line":46,"column":40}},"13":{"start":{"line":48,"column":23},"end":{"line":69,"column":null}},"14":{"start":{"line":73,"column":6},"end":{"line":78,"column":7}},"15":{"start":{"line":74,"column":26},"end":{"line":74,"column":53}},"16":{"start":{"line":75,"column":8},"end":{"line":77,"column":9}},"17":{"start":{"line":76,"column":10},"end":{"line":76,"column":55}},"18":{"start":{"line":80,"column":6},"end":{"line":80,"column":34}},"19":{"start":{"line":82,"column":6},"end":{"line":82,"column":92}},"20":{"start":{"line":83,"column":6},"end":{"line":85,"column":5}},"21":{"start":{"line":84,"column":8},"end":{"line":84,"column":70}},"22":{"start":{"line":86,"column":6},"end":{"line":86,"column":34}},"23":{"start":{"line":96,"column":4},"end":{"line":126,"column":5}},"24":{"start":{"line":97,"column":21},"end":{"line":107,"column":2}},"25":{"start":{"line":109,"column":23},"end":{"line":109,"column":54}},"26":{"start":{"line":111,"column":6},"end":{"line":122,"column":7}},"27":{"start":{"line":113,"column":23},"end":{"line":113,"column":43}},"28":{"start":{"line":114,"column":8},"end":{"line":116,"column":9}},"29":{"start":{"line":115,"column":10},"end":{"line":115,"column":24}},"30":{"start":{"line":117,"column":8},"end":{"line":117,"column":38}},"31":{"start":{"line":119,"column":8},"end":{"line":119,"column":106}},"32":{"start":{"line":121,"column":8},"end":{"line":121,"column":57}},"33":{"start":{"line":124,"column":6},"end":{"line":124,"column":90}},"34":{"start":{"line":125,"column":6},"end":{"line":125,"column":55}},"35":{"start":{"line":135,"column":24},"end":{"line":165,"column":null}},"36":{"start":{"line":136,"column":4},"end":{"line":164,"column":5}},"37":{"start":{"line":137,"column":21},"end":{"line":144,"column":2}},"38":{"start":{"line":146,"column":23},"end":{"line":146,"column":54}},"39":{"start":{"line":148,"column":6},"end":{"line":160,"column":5}},"40":{"start":{"line":150,"column":25},"end":{"line":150,"column":45}},"41":{"start":{"line":151,"column":8},"end":{"line":153,"column":5}},"42":{"start":{"line":151,"column":59},"end":{"line":151,"column":80}},"43":{"start":{"line":152,"column":10},"end":{"line":152,"column":42}},"44":{"start":{"line":154,"column":8},"end":{"line":154,"column":39}},"45":{"start":{"line":156,"column":8},"end":{"line":156,"column":107}},"46":{"start":{"line":158,"column":22},"end":{"line":158,"column":65}},"47":{"start":{"line":158,"column":52},"end":{"line":158,"column":64}},"48":{"start":{"line":159,"column":8},"end":{"line":159,"column":51}},"49":{"start":{"line":162,"column":6},"end":{"line":162,"column":91}},"50":{"start":{"line":163,"column":6},"end":{"line":163,"column":16}},"51":{"start":{"line":173,"column":24},"end":{"line":193,"column":null}},"52":{"start":{"line":174,"column":4},"end":{"line":192,"column":5}},"53":{"start":{"line":175,"column":21},"end":{"line":182,"column":2}},"54":{"start":{"line":184,"column":23},"end":{"line":184,"column":54}},"55":{"start":{"line":187,"column":6},"end":{"line":187,"column":46}},"56":{"start":{"line":189,"column":6},"end":{"line":189,"column":90}},"57":{"start":{"line":191,"column":6},"end":{"line":191,"column":106}},"58":{"start":{"line":196,"column":0},"end":{"line":196,"column":31}}},"fnMap":{"0":{"name":"(anonymous_7)","decl":{"start":{"line":25,"column":2},"end":{"line":25,"column":null}},"loc":{"start":{"line":25,"column":2},"end":{"line":28,"column":3}}},"1":{"name":"(anonymous_8)","decl":{"start":{"line":36,"column":8},"end":{"line":36,"column":20}},"loc":{"start":{"line":36,"column":20},"end":{"line":88,"column":null}}},"2":{"name":"(anonymous_9)","decl":{"start":{"line":36,"column":21},"end":{"line":36,"column":35}},"loc":{"start":{"line":36,"column":70},"end":{"line":88,"column":3}}},"3":{"name":"(anonymous_10)","decl":{"start":{"line":95,"column":8},"end":{"line":95,"column":24}},"loc":{"start":{"line":95,"column":37},"end":{"line":127,"column":null}}},"4":{"name":"(anonymous_12)","decl":{"start":{"line":135,"column":8},"end":{"line":135,"column":23}},"loc":{"start":{"line":135,"column":23},"end":{"line":165,"column":null}}},"5":{"name":"(anonymous_13)","decl":{"start":{"line":135,"column":24},"end":{"line":135,"column":36}},"loc":{"start":{"line":135,"column":55},"end":{"line":165,"column":3}}},"6":{"name":"(anonymous_14)","decl":{"start":{"line":151,"column":54},"end":{"line":151,"column":55}},"loc":{"start":{"line":151,"column":59},"end":{"line":151,"column":80}}},"7":{"name":"(anonymous_15)","decl":{"start":{"line":158,"column":47},"end":{"line":158,"column":48}},"loc":{"start":{"line":158,"column":52},"end":{"line":158,"column":64}}},"8":{"name":"(anonymous_16)","decl":{"start":{"line":173,"column":8},"end":{"line":173,"column":23}},"loc":{"start":{"line":173,"column":23},"end":{"line":193,"column":null}}},"9":{"name":"(anonymous_17)","decl":{"start":{"line":173,"column":24},"end":{"line":173,"column":36}},"loc":{"start":{"line":173,"column":61},"end":{"line":193,"column":3}}}},"branchMap":{"0":{"loc":{"start":{"line":9,"column":19},"end":{"line":9,"column":83}},"type":"binary-expr","locations":[{"start":{"line":9,"column":19},"end":{"line":9,"column":41}},{"start":{"line":9,"column":45},"end":{"line":9,"column":83}}]},"1":{"loc":{"start":{"line":10,"column":19},"end":{"line":10,"column":56}},"type":"binary-expr","locations":[{"start":{"line":10,"column":19},"end":{"line":10,"column":41}},{"start":{"line":10,"column":45},"end":{"line":10,"column":56}}]},"2":{"loc":{"start":{"line":11,"column":17},"end":{"line":11,"column":57}},"type":"binary-expr","locations":[{"start":{"line":11,"column":17},"end":{"line":11,"column":37}},{"start":{"line":11,"column":41},"end":{"line":11,"column":57}}]},"3":{"loc":{"start":{"line":26,"column":19},"end":{"line":26,"column":88}},"type":"binary-expr","locations":[{"start":{"line":26,"column":19},"end":{"line":26,"column":46}},{"start":{"line":26,"column":50},"end":{"line":26,"column":88}}]},"4":{"loc":{"start":{"line":27,"column":18},"end":{"line":27,"column":55}},"type":"binary-expr","locations":[{"start":{"line":27,"column":18},"end":{"line":27,"column":40}},{"start":{"line":27,"column":44},"end":{"line":27,"column":55}}]},"5":{"loc":{"start":{"line":36,"column":37},"end":{"line":36,"column":70}},"type":"default-arg","locations":[{"start":{"line":36,"column":68},"end":{"line":36,"column":70}}]},"6":{"loc":{"start":{"line":39,"column":8},"end":{"line":39,"column":32}},"type":"default-arg","locations":[{"start":{"line":39,"column":16},"end":{"line":39,"column":32}}]},"7":{"loc":{"start":{"line":40,"column":8},"end":{"line":40,"column":25}},"type":"default-arg","locations":[{"start":{"line":40,"column":22},"end":{"line":40,"column":25}}]},"8":{"loc":{"start":{"line":41,"column":8},"end":{"line":41,"column":24}},"type":"default-arg","locations":[{"start":{"line":41,"column":20},"end":{"line":41,"column":24}}]},"9":{"loc":{"start":{"line":42,"column":8},"end":{"line":42,"column":19}},"type":"default-arg","locations":[{"start":{"line":42,"column":15},"end":{"line":42,"column":19}}]},"10":{"loc":{"start":{"line":43,"column":8},"end":{"line":43,"column":17}},"type":"default-arg","locations":[{"start":{"line":43,"column":15},"end":{"line":43,"column":17}}]},"11":{"loc":{"start":{"line":73,"column":6},"end":{"line":78,"column":7}},"type":"if","locations":[{"start":{"line":73,"column":6},"end":{"line":78,"column":7}}]},"12":{"loc":{"start":{"line":73,"column":10},"end":{"line":73,"column":90}},"type":"binary-expr","locations":[{"start":{"line":73,"column":10},"end":{"line":73,"column":23}},{"start":{"line":73,"column":27},"end":{"line":73,"column":51}},{"start":{"line":73,"column":55},"end":{"line":73,"column":90}}]},"13":{"loc":{"start":{"line":75,"column":8},"end":{"line":77,"column":9}},"type":"if","locations":[{"start":{"line":75,"column":8},"end":{"line":77,"column":9}}]},"14":{"loc":{"start":{"line":75,"column":12},"end":{"line":75,"column":94}},"type":"binary-expr","locations":[{"start":{"line":75,"column":12},"end":{"line":75,"column":29}},{"start":{"line":75,"column":33},"end":{"line":75,"column":56}},{"start":{"line":75,"column":60},"end":{"line":75,"column":94}}]},"15":{"loc":{"start":{"line":76,"column":17},"end":{"line":76,"column":54}},"type":"binary-expr","locations":[{"start":{"line":76,"column":17},"end":{"line":76,"column":48}},{"start":{"line":76,"column":52},"end":{"line":76,"column":54}}]},"16":{"loc":{"start":{"line":82,"column":32},"end":{"line":82,"column":88}},"type":"cond-expr","locations":[{"start":{"line":82,"column":57},"end":{"line":82,"column":70}},{"start":{"line":82,"column":73},"end":{"line":82,"column":88}}]},"17":{"loc":{"start":{"line":83,"column":6},"end":{"line":85,"column":5}},"type":"if","locations":[{"start":{"line":83,"column":6},"end":{"line":85,"column":5}}]},"18":{"loc":{"start":{"line":83,"column":10},"end":{"line":83,"column":53}},"type":"binary-expr","locations":[{"start":{"line":83,"column":10},"end":{"line":83,"column":35}},{"start":{"line":83,"column":39},"end":{"line":83,"column":53}}]},"19":{"loc":{"start":{"line":114,"column":8},"end":{"line":116,"column":9}},"type":"if","locations":[{"start":{"line":114,"column":8},"end":{"line":116,"column":9}}]},"20":{"loc":{"start":{"line":114,"column":12},"end":{"line":114,"column":89}},"type":"binary-expr","locations":[{"start":{"line":114,"column":12},"end":{"line":114,"column":48}},{"start":{"line":114,"column":52},"end":{"line":114,"column":89}}]},"21":{"loc":{"start":{"line":119,"column":36},"end":{"line":119,"column":102}},"type":"cond-expr","locations":[{"start":{"line":119,"column":66},"end":{"line":119,"column":84}},{"start":{"line":119,"column":87},"end":{"line":119,"column":102}}]},"22":{"loc":{"start":{"line":124,"column":30},"end":{"line":124,"column":86}},"type":"cond-expr","locations":[{"start":{"line":124,"column":55},"end":{"line":124,"column":68}},{"start":{"line":124,"column":71},"end":{"line":124,"column":86}}]},"23":{"loc":{"start":{"line":135,"column":38},"end":{"line":135,"column":55}},"type":"default-arg","locations":[{"start":{"line":135,"column":54},"end":{"line":135,"column":55}}]},"24":{"loc":{"start":{"line":151,"column":8},"end":{"line":153,"column":5}},"type":"if","locations":[{"start":{"line":151,"column":8},"end":{"line":153,"column":5}}]},"25":{"loc":{"start":{"line":151,"column":12},"end":{"line":151,"column":81}},"type":"binary-expr","locations":[{"start":{"line":151,"column":12},"end":{"line":151,"column":35}},{"start":{"line":151,"column":39},"end":{"line":151,"column":81}}]},"26":{"loc":{"start":{"line":156,"column":37},"end":{"line":156,"column":103}},"type":"cond-expr","locations":[{"start":{"line":156,"column":67},"end":{"line":156,"column":85}},{"start":{"line":156,"column":88},"end":{"line":156,"column":103}}]},"27":{"loc":{"start":{"line":162,"column":31},"end":{"line":162,"column":87}},"type":"cond-expr","locations":[{"start":{"line":162,"column":56},"end":{"line":162,"column":69}},{"start":{"line":162,"column":72},"end":{"line":162,"column":87}}]},"28":{"loc":{"start":{"line":173,"column":38},"end":{"line":173,"column":61}},"type":"default-arg","locations":[{"start":{"line":173,"column":58},"end":{"line":173,"column":61}}]},"29":{"loc":{"start":{"line":189,"column":30},"end":{"line":189,"column":86}},"type":"cond-expr","locations":[{"start":{"line":189,"column":55},"end":{"line":189,"column":68}},{"start":{"line":189,"column":71},"end":{"line":189,"column":86}}]},"30":{"loc":{"start":{"line":191,"column":68},"end":{"line":191,"column":104}},"type":"cond-expr","locations":[{"start":{"line":191,"column":94},"end":{"line":191,"column":99}},{"start":{"line":191,"column":102},"end":{"line":191,"column":104}}]}},"s":{"0":1,"1":1,"2":1,"3":1,"4":1,"5":1,"6":1,"7":1,"8":1,"9":0,"10":0,"11":0,"12":0,"13":0,"14":0,"15":0,"16":0,"17":0,"18":0,"19":0,"20":0,"21":0,"22":0,"23":0,"24":0,"25":0,"26":0,"27":0,"28":0,"29":0,"30":0,"31":0,"32":0,"33":0,"34":0,"35":0,"36":0,"37":0,"38":0,"39":0,"40":0,"41":0,"42":0,"43":0,"44":0,"45":0,"46":0,"47":0,"48":0,"49":0,"50":0,"51":0,"52":0,"53":0,"54":0,"55":0,"56":0,"57":0,"58":1},"f":{"0":1,"1":0,"2":0,"3":0,"4":0,"5":0,"6":0,"7":0,"8":0,"9":0},"b":{"0":[1,1],"1":[1,1],"2":[1,1],"3":[1,1],"4":[1,1],"5":[0],"6":[0],"7":[0],"8":[0],"9":[0],"10":[0],"11":[0],"12":[0,0,0],"13":[0],"14":[0,0,0],"15":[0,0],"16":[0,0],"17":[0],"18":[0,0],"19":[0],"20":[0,0],"21":[0,0],"22":[0,0],"23":[0],"24":[0],"25":[0,0],"26":[0,0],"27":[0,0],"28":[0],"29":[0,0],"30":[0,0]}}
,"/workspaces/juvr/server/src/services/ai/abTesting.service.ts": {"path":"/workspaces/juvr/server/src/services/ai/abTesting.service.ts","statementMap":{"0":{"start":{"line":1,"column":0},"end":{"line":1,"column":45}},"1":{"start":{"line":28,"column":10},"end":{"line":28,"column":69}},"2":{"start":{"line":29,"column":10},"end":{"line":29,"column":37}},"3":{"start":{"line":36,"column":4},"end":{"line":36,"column":22}},"4":{"start":{"line":44,"column":4},"end":{"line":47,"column":7}},"5":{"start":{"line":50,"column":4},"end":{"line":53,"column":7}},"6":{"start":{"line":56,"column":4},"end":{"line":59,"column":7}},"7":{"start":{"line":62,"column":4},"end":{"line":65,"column":7}},"8":{"start":{"line":68,"column":4},"end":{"line":71,"column":7}},"9":{"start":{"line":81,"column":4},"end":{"line":105,"column":5}},"10":{"start":{"line":82,"column":23},"end":{"line":82,"column":60}},"11":{"start":{"line":83,"column":6},"end":{"line":86,"column":7}},"12":{"start":{"line":84,"column":8},"end":{"line":84,"column":51}},"13":{"start":{"line":85,"column":8},"end":{"line":85,"column":25}},"14":{"start":{"line":89,"column":23},"end":{"line":89,"column":57}},"15":{"start":{"line":90,"column":25},"end":{"line":90,"column":59}},"16":{"start":{"line":92,"column":29},"end":{"line":92,"column":30}},"17":{"start":{"line":93,"column":6},"end":{"line":99,"column":7}},"18":{"start":{"line":94,"column":8},"end":{"line":94,"column":43}},"19":{"start":{"line":95,"column":8},"end":{"line":98,"column":9}},"20":{"start":{"line":96,"column":10},"end":{"line":96,"column":71}},"21":{"start":{"line":97,"column":10},"end":{"line":97,"column":28}},"22":{"start":{"line":101,"column":6},"end":{"line":101,"column":46}},"23":{"start":{"line":103,"column":6},"end":{"line":103,"column":92}},"24":{"start":{"line":104,"column":6},"end":{"line":104,"column":23}},"25":{"start":{"line":114,"column":4},"end":{"line":114,"column":55}},"26":{"start":{"line":124,"column":4},"end":{"line":138,"column":5}},"27":{"start":{"line":126,"column":26},"end":{"line":126,"column":84}},"28":{"start":{"line":126,"column":60},"end":{"line":126,"column":80}},"29":{"start":{"line":127,"column":6},"end":{"line":130,"column":7}},"30":{"start":{"line":128,"column":8},"end":{"line":128,"column":66}},"31":{"start":{"line":129,"column":8},"end":{"line":129,"column":21}},"32":{"start":{"line":132,"column":6},"end":{"line":132,"column":54}},"33":{"start":{"line":133,"column":6},"end":{"line":133,"column":65}},"34":{"start":{"line":134,"column":6},"end":{"line":134,"column":18}},"35":{"start":{"line":136,"column":6},"end":{"line":136,"column":92}},"36":{"start":{"line":137,"column":6},"end":{"line":137,"column":19}},"37":{"start":{"line":146,"column":4},"end":{"line":158,"column":5}},"38":{"start":{"line":147,"column":22},"end":{"line":149,"column":null}},"39":{"start":{"line":152,"column":6},"end":{"line":152,"column":36}},"40":{"start":{"line":155,"column":6},"end":{"line":155,"column":70}},"41":{"start":{"line":157,"column":6},"end":{"line":157,"column":92}},"42":{"start":{"line":167,"column":4},"end":{"line":239,"column":5}},"43":{"start":{"line":168,"column":26},"end":{"line":168,"column":85}},"44":{"start":{"line":168,"column":56},"end":{"line":168,"column":84}},"45":{"start":{"line":170,"column":6},"end":{"line":172,"column":7}},"46":{"start":{"line":171,"column":8},"end":{"line":171,"column":55}},"47":{"start":{"line":175,"column":52},"end":{"line":175,"column":54}},"48":{"start":{"line":177,"column":23},"end":{"line":177,"column":53}},"49":{"start":{"line":180,"column":6},"end":{"line":189,"column":9}},"50":{"start":{"line":181,"column":8},"end":{"line":188,"column":10}},"51":{"start":{"line":192,"column":6},"end":{"line":226,"column":9}},"52":{"start":{"line":193,"column":8},"end":{"line":202,"column":9}},"53":{"start":{"line":194,"column":10},"end":{"line":201,"column":12}},"54":{"start":{"line":204,"column":29},"end":{"line":204,"column":63}},"55":{"start":{"line":205,"column":8},"end":{"line":205,"column":34}},"56":{"start":{"line":207,"column":8},"end":{"line":209,"column":9}},"57":{"start":{"line":208,"column":10},"end":{"line":208,"column":38}},"58":{"start":{"line":212,"column":8},"end":{"line":222,"column":9}},"59":{"start":{"line":213,"column":10},"end":{"line":221,"column":13}},"60":{"start":{"line":214,"column":12},"end":{"line":216,"column":13}},"61":{"start":{"line":215,"column":14},"end":{"line":215,"column":75}},"62":{"start":{"line":218,"column":12},"end":{"line":218,"column":51}},"63":{"start":{"line":219,"column":12},"end":{"line":219,"column":46}},"64":{"start":{"line":220,"column":12},"end":{"line":220,"column":112}},"65":{"start":{"line":225,"column":8},"end":{"line":225,"column":95}},"66":{"start":{"line":228,"column":6},"end":{"line":235,"column":8}},"67":{"start":{"line":237,"column":6},"end":{"line":237,"column":92}},"68":{"start":{"line":238,"column":6},"end":{"line":238,"column":56}},"69":{"start":{"line":246,"column":4},"end":{"line":246,"column":42}},"70":{"start":{"line":246,"column":30},"end":{"line":246,"column":42}},"71":{"start":{"line":247,"column":4},"end":{"line":247,"column":74}},"72":{"start":{"line":247,"column":49},"end":{"line":247,"column":70}},"73":{"start":{"line":254,"column":4},"end":{"line":254,"column":42}},"74":{"start":{"line":254,"column":30},"end":{"line":254,"column":42}},"75":{"start":{"line":255,"column":4},"end":{"line":255,"column":74}},"76":{"start":{"line":255,"column":49},"end":{"line":255,"column":70}},"77":{"start":{"line":264,"column":15},"end":{"line":264,"column":16}},"78":{"start":{"line":265,"column":4},"end":{"line":269,"column":5}},"79":{"start":{"line":265,"column":17},"end":{"line":265,"column":18}},"80":{"start":{"line":266,"column":19},"end":{"line":266,"column":36}},"81":{"start":{"line":267,"column":6},"end":{"line":267,"column":41}},"82":{"start":{"line":268,"column":6},"end":{"line":268,"column":25}},"83":{"start":{"line":270,"column":4},"end":{"line":270,"column":26}},"84":{"start":{"line":27,"column":0},"end":{"line":27,"column":13}}},"fnMap":{"0":{"name":"(anonymous_0)","decl":{"start":{"line":34,"column":2},"end":{"line":34,"column":null}},"loc":{"start":{"line":34,"column":2},"end":{"line":37,"column":3}}},"1":{"name":"(anonymous_1)","decl":{"start":{"line":42,"column":10},"end":{"line":42,"column":20}},"loc":{"start":{"line":42,"column":20},"end":{"line":72,"column":3}}},"2":{"name":"(anonymous_2)","decl":{"start":{"line":80,"column":9},"end":{"line":80,"column":26}},"loc":{"start":{"line":80,"column":59},"end":{"line":106,"column":3}}},"3":{"name":"(anonymous_3)","decl":{"start":{"line":113,"column":9},"end":{"line":113,"column":24}},"loc":{"start":{"line":113,"column":41},"end":{"line":115,"column":3}}},"4":{"name":"(anonymous_4)","decl":{"start":{"line":123,"column":9},"end":{"line":123,"column":29}},"loc":{"start":{"line":123,"column":71},"end":{"line":139,"column":3}}},"5":{"name":"(anonymous_5)","decl":{"start":{"line":126,"column":42},"end":{"line":126,"column":43}},"loc":{"start":{"line":126,"column":60},"end":{"line":126,"column":80}}},"6":{"name":"(anonymous_6)","decl":{"start":{"line":145,"column":9},"end":{"line":145,"column":21}},"loc":{"start":{"line":145,"column":59},"end":{"line":159,"column":3}}},"7":{"name":"(anonymous_7)","decl":{"start":{"line":166,"column":9},"end":{"line":166,"column":23}},"loc":{"start":{"line":166,"column":40},"end":{"line":240,"column":3}}},"8":{"name":"(anonymous_8)","decl":{"start":{"line":168,"column":46},"end":{"line":168,"column":52}},"loc":{"start":{"line":168,"column":56},"end":{"line":168,"column":84}}},"9":{"name":"(anonymous_9)","decl":{"start":{"line":180,"column":23},"end":{"line":180,"column":30}},"loc":{"start":{"line":180,"column":33},"end":{"line":189,"column":7}}},"10":{"name":"(anonymous_10)","decl":{"start":{"line":192,"column":26},"end":{"line":192,"column":32}},"loc":{"start":{"line":192,"column":35},"end":{"line":226,"column":7}}},"11":{"name":"(anonymous_11)","decl":{"start":{"line":213,"column":49},"end":{"line":213,"column":50}},"loc":{"start":{"line":213,"column":66},"end":{"line":221,"column":11}}},"12":{"name":"(anonymous_12)","decl":{"start":{"line":245,"column":10},"end":{"line":245,"column":25}},"loc":{"start":{"line":245,"column":47},"end":{"line":248,"column":3}}},"13":{"name":"(anonymous_13)","decl":{"start":{"line":247,"column":44},"end":{"line":247,"column":45}},"loc":{"start":{"line":247,"column":49},"end":{"line":247,"column":70}}},"14":{"name":"(anonymous_14)","decl":{"start":{"line":253,"column":10},"end":{"line":253,"column":23}},"loc":{"start":{"line":253,"column":45},"end":{"line":256,"column":3}}},"15":{"name":"(anonymous_15)","decl":{"start":{"line":255,"column":44},"end":{"line":255,"column":45}},"loc":{"start":{"line":255,"column":49},"end":{"line":255,"column":70}}},"16":{"name":"(anonymous_16)","decl":{"start":{"line":263,"column":10},"end":{"line":263,"column":20}},"loc":{"start":{"line":263,"column":32},"end":{"line":271,"column":3}}}},"branchMap":{"0":{"loc":{"start":{"line":83,"column":6},"end":{"line":86,"column":7}},"type":"if","locations":[{"start":{"line":83,"column":6},"end":{"line":86,"column":7}}]},"1":{"loc":{"start":{"line":83,"column":10},"end":{"line":83,"column":44}},"type":"binary-expr","locations":[{"start":{"line":83,"column":10},"end":{"line":83,"column":19}},{"start":{"line":83,"column":23},"end":{"line":83,"column":44}}]},"2":{"loc":{"start":{"line":95,"column":8},"end":{"line":98,"column":9}},"type":"if","locations":[{"start":{"line":95,"column":8},"end":{"line":98,"column":9}}]},"3":{"loc":{"start":{"line":103,"column":32},"end":{"line":103,"column":88}},"type":"cond-expr","locations":[{"start":{"line":103,"column":57},"end":{"line":103,"column":70}},{"start":{"line":103,"column":73},"end":{"line":103,"column":88}}]},"4":{"loc":{"start":{"line":114,"column":11},"end":{"line":114,"column":54}},"type":"binary-expr","locations":[{"start":{"line":114,"column":11},"end":{"line":114,"column":48}},{"start":{"line":114,"column":52},"end":{"line":114,"column":54}}]},"5":{"loc":{"start":{"line":127,"column":6},"end":{"line":130,"column":7}},"type":"if","locations":[{"start":{"line":127,"column":6},"end":{"line":130,"column":7}}]},"6":{"loc":{"start":{"line":136,"column":32},"end":{"line":136,"column":88}},"type":"cond-expr","locations":[{"start":{"line":136,"column":57},"end":{"line":136,"column":70}},{"start":{"line":136,"column":73},"end":{"line":136,"column":88}}]},"7":{"loc":{"start":{"line":157,"column":32},"end":{"line":157,"column":88}},"type":"cond-expr","locations":[{"start":{"line":157,"column":57},"end":{"line":157,"column":70}},{"start":{"line":157,"column":73},"end":{"line":157,"column":88}}]},"8":{"loc":{"start":{"line":170,"column":6},"end":{"line":172,"column":7}},"type":"if","locations":[{"start":{"line":170,"column":6},"end":{"line":172,"column":7}}]},"9":{"loc":{"start":{"line":183,"column":23},"end":{"line":183,"column":48}},"type":"binary-expr","locations":[{"start":{"line":183,"column":23},"end":{"line":183,"column":42}},{"start":{"line":183,"column":46},"end":{"line":183,"column":48}}]},"10":{"loc":{"start":{"line":193,"column":8},"end":{"line":202,"column":9}},"type":"if","locations":[{"start":{"line":193,"column":8},"end":{"line":202,"column":9}}]},"11":{"loc":{"start":{"line":207,"column":8},"end":{"line":209,"column":9}},"type":"if","locations":[{"start":{"line":207,"column":8},"end":{"line":209,"column":9}}]},"12":{"loc":{"start":{"line":212,"column":8},"end":{"line":222,"column":9}},"type":"if","locations":[{"start":{"line":212,"column":8},"end":{"line":222,"column":9}}]},"13":{"loc":{"start":{"line":214,"column":12},"end":{"line":216,"column":13}},"type":"if","locations":[{"start":{"line":214,"column":12},"end":{"line":216,"column":13}}]},"14":{"loc":{"start":{"line":237,"column":32},"end":{"line":237,"column":88}},"type":"cond-expr","locations":[{"start":{"line":237,"column":57},"end":{"line":237,"column":70}},{"start":{"line":237,"column":73},"end":{"line":237,"column":88}}]},"15":{"loc":{"start":{"line":246,"column":4},"end":{"line":246,"column":42}},"type":"if","locations":[{"start":{"line":246,"column":4},"end":{"line":246,"column":42}}]},"16":{"loc":{"start":{"line":254,"column":4},"end":{"line":254,"column":42}},"type":"if","locations":[{"start":{"line":254,"column":4},"end":{"line":254,"column":42}}]}},"s":{"0":2,"1":5,"2":5,"3":5,"4":5,"5":5,"6":5,"7":5,"8":5,"9":4,"10":4,"11":4,"12":1,"13":1,"14":3,"15":3,"16":3,"17":3,"18":3,"19":3,"20":3,"21":3,"22":0,"23":0,"24":0,"25":3,"26":3,"27":3,"28":6,"29":3,"30":1,"31":1,"32":2,"33":2,"34":2,"35":0,"36":0,"37":6,"38":6,"39":6,"40":6,"41":0,"42":2,"43":2,"44":6,"45":2,"46":0,"47":2,"48":2,"49":2,"50":4,"51":2,"52":6,"53":0,"54":6,"55":6,"56":6,"57":4,"58":6,"59":6,"60":6,"61":4,"62":6,"63":6,"64":6,"65":6,"66":2,"67":0,"68":0,"69":2,"70":0,"71":2,"72":6,"73":2,"74":0,"75":2,"76":6,"77":3,"78":3,"79":3,"80":83,"81":83,"82":83,"83":3,"84":2},"f":{"0":5,"1":5,"2":4,"3":3,"4":3,"5":6,"6":6,"7":2,"8":6,"9":4,"10":6,"11":6,"12":2,"13":6,"14":2,"15":6,"16":3},"b":{"0":[1],"1":[4,3],"2":[3],"3":[0,0],"4":[3,1],"5":[1],"6":[0,0],"7":[0,0],"8":[0],"9":[4,2],"10":[0],"11":[4],"12":[6],"13":[4],"14":[0,0],"15":[0],"16":[0]}}
,"/workspaces/juvr/server/src/services/ai/aiInference.service.ts": {"path":"/workspaces/juvr/server/src/services/ai/aiInference.service.ts","statementMap":{"0":{"start":{"line":1,"column":0},"end":{"line":1,"column":66}},"1":{"start":{"line":2,"column":0},"end":{"line":2,"column":45}},"2":{"start":{"line":4,"column":0},"end":{"line":4,"column":25}},"3":{"start":{"line":5,"column":0},"end":{"line":5,"column":29}},"4":{"start":{"line":6,"column":0},"end":{"line":6,"column":33}},"5":{"start":{"line":7,"column":0},"end":{"line":7,"column":38}},"6":{"start":{"line":8,"column":0},"end":{"line":8,"column":44}},"7":{"start":{"line":10,"column":17},"end":{"line":10,"column":39}},"8":{"start":{"line":24,"column":4},"end":{"line":74,"column":5}},"9":{"start":{"line":26,"column":20},"end":{"line":29,"column":8}},"10":{"start":{"line":31,"column":6},"end":{"line":34,"column":7}},"11":{"start":{"line":32,"column":8},"end":{"line":32,"column":56}},"12":{"start":{"line":33,"column":8},"end":{"line":33,"column":63}},"13":{"start":{"line":36,"column":6},"end":{"line":36,"column":62}},"14":{"start":{"line":40,"column":6},"end":{"line":64,"column":7}},"15":{"start":{"line":42,"column":10},"end":{"line":42,"column":64}},"16":{"start":{"line":43,"column":10},"end":{"line":43,"column":16}},"17":{"start":{"line":45,"column":10},"end":{"line":45,"column":59}},"18":{"start":{"line":46,"column":10},"end":{"line":46,"column":16}},"19":{"start":{"line":48,"column":10},"end":{"line":48,"column":60}},"20":{"start":{"line":49,"column":10},"end":{"line":49,"column":16}},"21":{"start":{"line":51,"column":10},"end":{"line":51,"column":67}},"22":{"start":{"line":52,"column":10},"end":{"line":52,"column":16}},"23":{"start":{"line":54,"column":10},"end":{"line":54,"column":58}},"24":{"start":{"line":55,"column":10},"end":{"line":55,"column":16}},"25":{"start":{"line":57,"column":10},"end":{"line":57,"column":67}},"26":{"start":{"line":58,"column":10},"end":{"line":58,"column":16}},"27":{"start":{"line":60,"column":10},"end":{"line":60,"column":62}},"28":{"start":{"line":61,"column":10},"end":{"line":61,"column":16}},"29":{"start":{"line":63,"column":10},"end":{"line":63,"column":52}},"30":{"start":{"line":67,"column":6},"end":{"line":67,"column":58}},"31":{"start":{"line":69,"column":6},"end":{"line":69,"column":20}},"32":{"start":{"line":71,"column":6},"end":{"line":71,"column":92}},"33":{"start":{"line":73,"column":6},"end":{"line":73,"column":61}},"34":{"start":{"line":84,"column":4},"end":{"line":97,"column":5}},"35":{"start":{"line":85,"column":22},"end":{"line":85,"column":24}},"36":{"start":{"line":88,"column":6},"end":{"line":91,"column":7}},"37":{"start":{"line":89,"column":23},"end":{"line":89,"column":71}},"38":{"start":{"line":90,"column":8},"end":{"line":90,"column":29}},"39":{"start":{"line":93,"column":6},"end":{"line":93,"column":21}},"40":{"start":{"line":95,"column":6},"end":{"line":95,"column":94}},"41":{"start":{"line":96,"column":6},"end":{"line":96,"column":18}},"42":{"start":{"line":104,"column":4},"end":{"line":129,"column":5}},"43":{"start":{"line":106,"column":6},"end":{"line":108,"column":7}},"44":{"start":{"line":107,"column":8},"end":{"line":107,"column":41}},"45":{"start":{"line":111,"column":24},"end":{"line":111,"column":62}},"46":{"start":{"line":112,"column":22},"end":{"line":112,"column":57}},"47":{"start":{"line":115,"column":32},"end":{"line":115,"column":87}},"48":{"start":{"line":116,"column":26},"end":{"line":116,"column":58}},"49":{"start":{"line":119,"column":25},"end":{"line":119,"column":66}},"50":{"start":{"line":120,"column":25},"end":{"line":120,"column":48}},"51":{"start":{"line":123,"column":21},"end":{"line":123,"column":79}},"52":{"start":{"line":125,"column":6},"end":{"line":125,"column":51}},"53":{"start":{"line":127,"column":6},"end":{"line":127,"column":91}},"54":{"start":{"line":128,"column":6},"end":{"line":128,"column":74}},"55":{"start":{"line":136,"column":4},"end":{"line":166,"column":5}},"56":{"start":{"line":138,"column":6},"end":{"line":140,"column":7}},"57":{"start":{"line":139,"column":8},"end":{"line":139,"column":45}},"58":{"start":{"line":143,"column":6},"end":{"line":145,"column":7}},"59":{"start":{"line":144,"column":8},"end":{"line":144,"column":41}},"60":{"start":{"line":148,"column":24},"end":{"line":148,"column":62}},"61":{"start":{"line":149,"column":22},"end":{"line":149,"column":57}},"62":{"start":{"line":152,"column":32},"end":{"line":152,"column":82}},"63":{"start":{"line":153,"column":26},"end":{"line":153,"column":58}},"64":{"start":{"line":156,"column":25},"end":{"line":156,"column":66}},"65":{"start":{"line":157,"column":25},"end":{"line":157,"column":48}},"66":{"start":{"line":160,"column":21},"end":{"line":160,"column":74}},"67":{"start":{"line":162,"column":6},"end":{"line":162,"column":20}},"68":{"start":{"line":164,"column":6},"end":{"line":164,"column":91}},"69":{"start":{"line":165,"column":6},"end":{"line":165,"column":69}},"70":{"start":{"line":173,"column":4},"end":{"line":180,"column":5}},"71":{"start":{"line":174,"column":28},"end":{"line":174,"column":91}},"72":{"start":{"line":175,"column":19},"end":{"line":175,"column":68}},"73":{"start":{"line":176,"column":6},"end":{"line":176,"column":30}},"74":{"start":{"line":178,"column":6},"end":{"line":178,"column":93}},"75":{"start":{"line":179,"column":6},"end":{"line":179,"column":18}},"76":{"start":{"line":187,"column":40},"end":{"line":187,"column":49}},"77":{"start":{"line":190,"column":23},"end":{"line":193,"column":6}},"78":{"start":{"line":191,"column":50},"end":{"line":191,"column":69}},"79":{"start":{"line":196,"column":29},"end":{"line":211,"column":19}},"80":{"start":{"line":197,"column":23},"end":{"line":197,"column":86}},"81":{"start":{"line":198,"column":27},"end":{"line":198,"column":77}},"82":{"start":{"line":202,"column":6},"end":{"line":206,"column":7}},"83":{"start":{"line":203,"column":8},"end":{"line":203,"column":111}},"84":{"start":{"line":205,"column":8},"end":{"line":205,"column":31}},"85":{"start":{"line":208,"column":6},"end":{"line":210,"column":20}},"86":{"start":{"line":214,"column":4},"end":{"line":226,"column":32}},"87":{"start":{"line":233,"column":4},"end":{"line":245,"column":5}},"88":{"start":{"line":235,"column":23},"end":{"line":239,"column":8}},"89":{"start":{"line":241,"column":6},"end":{"line":241,"column":22}},"90":{"start":{"line":243,"column":6},"end":{"line":243,"column":92}},"91":{"start":{"line":244,"column":6},"end":{"line":244,"column":18}},"92":{"start":{"line":252,"column":4},"end":{"line":318,"column":5}},"93":{"start":{"line":254,"column":58},"end":{"line":254,"column":60}},"94":{"start":{"line":257,"column":6},"end":{"line":273,"column":9}},"95":{"start":{"line":258,"column":25},"end":{"line":258,"column":61}},"96":{"start":{"line":260,"column":25},"end":{"line":260,"column":34}},"97":{"start":{"line":261,"column":26},"end":{"line":261,"column":75}},"98":{"start":{"line":262,"column":22},"end":{"line":262,"column":49}},"99":{"start":{"line":264,"column":8},"end":{"line":272,"column":9}},"100":{"start":{"line":265,"column":10},"end":{"line":265,"column":58}},"101":{"start":{"line":268,"column":30},"end":{"line":268,"column":55}},"102":{"start":{"line":269,"column":10},"end":{"line":271,"column":13}},"103":{"start":{"line":276,"column":27},"end":{"line":276,"column":29}},"104":{"start":{"line":277,"column":27},"end":{"line":277,"column":61}},"105":{"start":{"line":278,"column":27},"end":{"line":278,"column":57}},"106":{"start":{"line":280,"column":6},"end":{"line":285,"column":7}},"107":{"start":{"line":281,"column":8},"end":{"line":281,"column":48}},"108":{"start":{"line":284,"column":8},"end":{"line":284,"column":88}},"109":{"start":{"line":288,"column":19},"end":{"line":288,"column":21}},"110":{"start":{"line":289,"column":26},"end":{"line":289,"column":46}},"111":{"start":{"line":290,"column":26},"end":{"line":290,"column":55}},"112":{"start":{"line":292,"column":6},"end":{"line":298,"column":7}},"113":{"start":{"line":293,"column":8},"end":{"line":293,"column":39}},"114":{"start":{"line":296,"column":27},"end":{"line":296,"column":51}},"115":{"start":{"line":297,"column":8},"end":{"line":297,"column":58}},"116":{"start":{"line":300,"column":6},"end":{"line":304,"column":8}},"117":{"start":{"line":306,"column":6},"end":{"line":306,"column":92}},"118":{"start":{"line":309,"column":6},"end":{"line":317,"column":8}},"119":{"start":{"line":311,"column":27},"end":{"line":311,"column":63}},"120":{"start":{"line":312,"column":10},"end":{"line":312,"column":74}},"121":{"start":{"line":313,"column":10},"end":{"line":313,"column":21}},"122":{"start":{"line":325,"column":4},"end":{"line":350,"column":5}},"123":{"start":{"line":327,"column":6},"end":{"line":329,"column":7}},"124":{"start":{"line":328,"column":8},"end":{"line":328,"column":40}},"125":{"start":{"line":332,"column":24},"end":{"line":332,"column":62}},"126":{"start":{"line":333,"column":22},"end":{"line":333,"column":57}},"127":{"start":{"line":336,"column":32},"end":{"line":336,"column":83}},"128":{"start":{"line":337,"column":26},"end":{"line":337,"column":58}},"129":{"start":{"line":340,"column":25},"end":{"line":340,"column":66}},"130":{"start":{"line":341,"column":25},"end":{"line":341,"column":48}},"131":{"start":{"line":344,"column":21},"end":{"line":344,"column":75}},"132":{"start":{"line":346,"column":6},"end":{"line":346,"column":20}},"133":{"start":{"line":348,"column":6},"end":{"line":348,"column":90}},"134":{"start":{"line":349,"column":6},"end":{"line":349,"column":70}},"135":{"start":{"line":357,"column":4},"end":{"line":366,"column":5}},"136":{"start":{"line":359,"column":23},"end":{"line":359,"column":83}},"137":{"start":{"line":361,"column":19},"end":{"line":361,"column":63}},"138":{"start":{"line":362,"column":6},"end":{"line":362,"column":30}},"139":{"start":{"line":364,"column":6},"end":{"line":364,"column":92}},"140":{"start":{"line":365,"column":6},"end":{"line":365,"column":18}},"141":{"start":{"line":373,"column":35},"end":{"line":373,"column":44}},"142":{"start":{"line":374,"column":22},"end":{"line":374,"column":37}},"143":{"start":{"line":375,"column":20},"end":{"line":375,"column":81}},"144":{"start":{"line":375,"column":58},"end":{"line":375,"column":80}},"145":{"start":{"line":377,"column":4},"end":{"line":379,"column":5}},"146":{"start":{"line":378,"column":6},"end":{"line":378,"column":75}},"147":{"start":{"line":381,"column":17},"end":{"line":381,"column":116}},"148":{"start":{"line":383,"column":4},"end":{"line":387,"column":5}},"149":{"start":{"line":384,"column":6},"end":{"line":384,"column":42}},"150":{"start":{"line":386,"column":6},"end":{"line":386,"column":20}},"151":{"start":{"line":389,"column":4},"end":{"line":389,"column":28}},"152":{"start":{"line":390,"column":4},"end":{"line":390,"column":43}},"153":{"start":{"line":391,"column":4},"end":{"line":391,"column":40}},"154":{"start":{"line":392,"column":4},"end":{"line":392,"column":46}},"155":{"start":{"line":395,"column":4},"end":{"line":404,"column":5}},"156":{"start":{"line":396,"column":6},"end":{"line":396,"column":61}},"157":{"start":{"line":398,"column":6},"end":{"line":403,"column":7}},"158":{"start":{"line":399,"column":26},"end":{"line":399,"column":108}},"159":{"start":{"line":399,"column":64},"end":{"line":399,"column":107}},"160":{"start":{"line":400,"column":8},"end":{"line":402,"column":9}},"161":{"start":{"line":401,"column":10},"end":{"line":401,"column":76}},"162":{"start":{"line":406,"column":4},"end":{"line":411,"column":12}},"163":{"start":{"line":413,"column":4},"end":{"line":413,"column":18}},"164":{"start":{"line":420,"column":4},"end":{"line":422,"column":5}},"165":{"start":{"line":421,"column":6},"end":{"line":421,"column":70}},"166":{"start":{"line":424,"column":4},"end":{"line":444,"column":5}},"167":{"start":{"line":426,"column":23},"end":{"line":426,"column":51}},"168":{"start":{"line":429,"column":21},"end":{"line":438,"column":8}},"169":{"start":{"line":440,"column":6},"end":{"line":440,"column":20}},"170":{"start":{"line":442,"column":6},"end":{"line":442,"column":94}},"171":{"start":{"line":443,"column":6},"end":{"line":443,"column":70}},"172":{"start":{"line":451,"column":4},"end":{"line":476,"column":5}},"173":{"start":{"line":453,"column":6},"end":{"line":455,"column":7}},"174":{"start":{"line":454,"column":8},"end":{"line":454,"column":43}},"175":{"start":{"line":458,"column":24},"end":{"line":458,"column":62}},"176":{"start":{"line":459,"column":22},"end":{"line":459,"column":57}},"177":{"start":{"line":462,"column":32},"end":{"line":462,"column":90}},"178":{"start":{"line":463,"column":26},"end":{"line":463,"column":58}},"179":{"start":{"line":466,"column":25},"end":{"line":466,"column":66}},"180":{"start":{"line":467,"column":25},"end":{"line":467,"column":48}},"181":{"start":{"line":470,"column":21},"end":{"line":470,"column":82}},"182":{"start":{"line":472,"column":6},"end":{"line":472,"column":20}},"183":{"start":{"line":474,"column":6},"end":{"line":474,"column":93}},"184":{"start":{"line":475,"column":6},"end":{"line":475,"column":77}},"185":{"start":{"line":483,"column":25},"end":{"line":483,"column":56}},"186":{"start":{"line":485,"column":17},"end":{"line":485,"column":36}},"187":{"start":{"line":487,"column":4},"end":{"line":487,"column":47}},"188":{"start":{"line":488,"column":4},"end":{"line":490,"column":5}},"189":{"start":{"line":489,"column":6},"end":{"line":489,"column":46}},"190":{"start":{"line":491,"column":4},"end":{"line":496,"column":5}},"191":{"start":{"line":492,"column":6},"end":{"line":492,"column":52}},"192":{"start":{"line":493,"column":6},"end":{"line":495,"column":7}},"193":{"start":{"line":494,"column":8},"end":{"line":494,"column":53}},"194":{"start":{"line":498,"column":4},"end":{"line":498,"column":49}},"195":{"start":{"line":499,"column":4},"end":{"line":501,"column":5}},"196":{"start":{"line":500,"column":6},"end":{"line":500,"column":46}},"197":{"start":{"line":502,"column":4},"end":{"line":507,"column":5}},"198":{"start":{"line":503,"column":6},"end":{"line":503,"column":52}},"199":{"start":{"line":504,"column":6},"end":{"line":506,"column":7}},"200":{"start":{"line":505,"column":8},"end":{"line":505,"column":53}},"201":{"start":{"line":509,"column":4},"end":{"line":509,"column":41}},"202":{"start":{"line":511,"column":4},"end":{"line":517,"column":11}},"203":{"start":{"line":519,"column":4},"end":{"line":519,"column":18}},"204":{"start":{"line":532,"column":4},"end":{"line":534,"column":5}},"205":{"start":{"line":533,"column":6},"end":{"line":533,"column":88}},"206":{"start":{"line":536,"column":4},"end":{"line":579,"column":5}},"207":{"start":{"line":538,"column":31},"end":{"line":538,"column":32}},"208":{"start":{"line":539,"column":25},"end":{"line":539,"column":62}},"209":{"start":{"line":540,"column":6},"end":{"line":547,"column":7}},"210":{"start":{"line":541,"column":8},"end":{"line":541,"column":53}},"211":{"start":{"line":543,"column":8},"end":{"line":543,"column":76}},"212":{"start":{"line":546,"column":8},"end":{"line":546,"column":82}},"213":{"start":{"line":550,"column":23},"end":{"line":550,"column":51}},"214":{"start":{"line":553,"column":6},"end":{"line":575,"column":8}},"215":{"start":{"line":577,"column":6},"end":{"line":577,"column":97}},"216":{"start":{"line":578,"column":6},"end":{"line":578,"column":88}},"217":{"start":{"line":586,"column":4},"end":{"line":588,"column":5}},"218":{"start":{"line":587,"column":6},"end":{"line":587,"column":16}},"219":{"start":{"line":591,"column":20},"end":{"line":591,"column":22}},"220":{"start":{"line":594,"column":4},"end":{"line":616,"column":5}},"221":{"start":{"line":595,"column":24},"end":{"line":595,"column":47}},"222":{"start":{"line":596,"column":24},"end":{"line":596,"column":47}},"223":{"start":{"line":599,"column":6},"end":{"line":615,"column":7}},"224":{"start":{"line":600,"column":8},"end":{"line":600,"column":24}},"225":{"start":{"line":603,"column":11},"end":{"line":615,"column":7}},"226":{"start":{"line":607,"column":8},"end":{"line":607,"column":24}},"227":{"start":{"line":610,"column":11},"end":{"line":615,"column":7}},"228":{"start":{"line":614,"column":8},"end":{"line":614,"column":24}},"229":{"start":{"line":619,"column":4},"end":{"line":631,"column":5}},"230":{"start":{"line":620,"column":23},"end":{"line":620,"column":45}},"231":{"start":{"line":621,"column":23},"end":{"line":621,"column":45}},"232":{"start":{"line":624,"column":6},"end":{"line":630,"column":7}},"233":{"start":{"line":625,"column":8},"end":{"line":625,"column":24}},"234":{"start":{"line":626,"column":13},"end":{"line":630,"column":7}},"235":{"start":{"line":627,"column":8},"end":{"line":627,"column":24}},"236":{"start":{"line":628,"column":13},"end":{"line":630,"column":7}},"237":{"start":{"line":629,"column":8},"end":{"line":629,"column":23}},"238":{"start":{"line":634,"column":4},"end":{"line":634,"column":49}},"239":{"start":{"line":641,"column":4},"end":{"line":666,"column":5}},"240":{"start":{"line":643,"column":6},"end":{"line":645,"column":7}},"241":{"start":{"line":644,"column":8},"end":{"line":644,"column":43}},"242":{"start":{"line":648,"column":24},"end":{"line":648,"column":62}},"243":{"start":{"line":649,"column":22},"end":{"line":649,"column":57}},"244":{"start":{"line":652,"column":32},"end":{"line":652,"column":81}},"245":{"start":{"line":653,"column":26},"end":{"line":653,"column":58}},"246":{"start":{"line":656,"column":25},"end":{"line":656,"column":66}},"247":{"start":{"line":657,"column":25},"end":{"line":657,"column":48}},"248":{"start":{"line":660,"column":21},"end":{"line":660,"column":73}},"249":{"start":{"line":662,"column":6},"end":{"line":662,"column":20}},"250":{"start":{"line":664,"column":6},"end":{"line":664,"column":90}},"251":{"start":{"line":665,"column":6},"end":{"line":665,"column":68}},"252":{"start":{"line":673,"column":4},"end":{"line":739,"column":5}},"253":{"start":{"line":675,"column":57},"end":{"line":675,"column":66}},"254":{"start":{"line":676,"column":27},"end":{"line":676,"column":78}},"255":{"start":{"line":682,"column":32},"end":{"line":682,"column":80}},"256":{"start":{"line":683,"column":34},"end":{"line":683,"column":83}},"257":{"start":{"line":685,"column":33},"end":{"line":685,"column":124}},"258":{"start":{"line":686,"column":35},"end":{"line":686,"column":85}},"259":{"start":{"line":688,"column":31},"end":{"line":688,"column":103}},"260":{"start":{"line":689,"column":33},"end":{"line":689,"column":106}},"261":{"start":{"line":691,"column":24},"end":{"line":691,"column":68}},"262":{"start":{"line":692,"column":32},"end":{"line":692,"column":118}},"263":{"start":{"line":693,"column":34},"end":{"line":693,"column":66}},"264":{"start":{"line":696,"column":6},"end":{"line":735,"column":8}},"265":{"start":{"line":737,"column":6},"end":{"line":737,"column":90}},"266":{"start":{"line":738,"column":6},"end":{"line":738,"column":18}},"267":{"start":{"line":746,"column":18},"end":{"line":746,"column":68}},"268":{"start":{"line":747,"column":4},"end":{"line":747,"column":29}},"269":{"start":{"line":754,"column":21},"end":{"line":754,"column":81}},"270":{"start":{"line":755,"column":4},"end":{"line":755,"column":32}},"271":{"start":{"line":762,"column":45},"end":{"line":768,"column":6}},"272":{"start":{"line":769,"column":4},"end":{"line":769,"column":42}},"273":{"start":{"line":776,"column":45},"end":{"line":783,"column":6}},"274":{"start":{"line":784,"column":4},"end":{"line":784,"column":43}},"275":{"start":{"line":791,"column":43},"end":{"line":793,"column":6}},"276":{"start":{"line":795,"column":4},"end":{"line":799,"column":7}},"277":{"start":{"line":796,"column":6},"end":{"line":798,"column":7}},"278":{"start":{"line":797,"column":8},"end":{"line":797,"column":26}},"279":{"start":{"line":801,"column":4},"end":{"line":801,"column":18}},"280":{"start":{"line":808,"column":65},"end":{"line":808,"column":74}},"281":{"start":{"line":810,"column":17},"end":{"line":810,"column":39}},"282":{"start":{"line":812,"column":4},"end":{"line":812,"column":24}},"283":{"start":{"line":813,"column":4},"end":{"line":813,"column":38}},"284":{"start":{"line":814,"column":4},"end":{"line":814,"column":46}},"285":{"start":{"line":815,"column":4},"end":{"line":815,"column":41}},"286":{"start":{"line":816,"column":4},"end":{"line":818,"column":5}},"287":{"start":{"line":817,"column":6},"end":{"line":817,"column":39}},"288":{"start":{"line":820,"column":4},"end":{"line":820,"column":24}},"289":{"start":{"line":821,"column":4},"end":{"line":821,"column":157}},"290":{"start":{"line":822,"column":4},"end":{"line":822,"column":160}},"291":{"start":{"line":823,"column":4},"end":{"line":823,"column":154}},"292":{"start":{"line":824,"column":4},"end":{"line":824,"column":157}},"293":{"start":{"line":826,"column":4},"end":{"line":826,"column":26}},"294":{"start":{"line":827,"column":4},"end":{"line":827,"column":54}},"295":{"start":{"line":828,"column":4},"end":{"line":828,"column":54}},"296":{"start":{"line":829,"column":4},"end":{"line":829,"column":54}},"297":{"start":{"line":830,"column":4},"end":{"line":830,"column":54}},"298":{"start":{"line":831,"column":4},"end":{"line":831,"column":54}},"299":{"start":{"line":833,"column":4},"end":{"line":835,"column":5}},"300":{"start":{"line":834,"column":6},"end":{"line":834,"column":39}},"301":{"start":{"line":837,"column":4},"end":{"line":845,"column":9}},"302":{"start":{"line":847,"column":4},"end":{"line":847,"column":18}},"303":{"start":{"line":854,"column":4},"end":{"line":856,"column":5}},"304":{"start":{"line":855,"column":6},"end":{"line":855,"column":68}},"305":{"start":{"line":858,"column":4},"end":{"line":881,"column":5}},"306":{"start":{"line":860,"column":23},"end":{"line":860,"column":51}},"307":{"start":{"line":863,"column":6},"end":{"line":877,"column":8}},"308":{"start":{"line":879,"column":6},"end":{"line":879,"column":94}},"309":{"start":{"line":880,"column":6},"end":{"line":880,"column":68}},"310":{"start":{"line":888,"column":4},"end":{"line":913,"column":5}},"311":{"start":{"line":890,"column":6},"end":{"line":892,"column":7}},"312":{"start":{"line":891,"column":8},"end":{"line":891,"column":42}},"313":{"start":{"line":895,"column":24},"end":{"line":895,"column":62}},"314":{"start":{"line":896,"column":22},"end":{"line":896,"column":57}},"315":{"start":{"line":899,"column":32},"end":{"line":899,"column":91}},"316":{"start":{"line":900,"column":26},"end":{"line":900,"column":58}},"317":{"start":{"line":903,"column":25},"end":{"line":903,"column":66}},"318":{"start":{"line":904,"column":25},"end":{"line":904,"column":48}},"319":{"start":{"line":907,"column":21},"end":{"line":907,"column":83}},"320":{"start":{"line":909,"column":6},"end":{"line":909,"column":20}},"321":{"start":{"line":911,"column":6},"end":{"line":911,"column":92}},"322":{"start":{"line":912,"column":6},"end":{"line":912,"column":78}},"323":{"start":{"line":920,"column":4},"end":{"line":954,"column":5}},"324":{"start":{"line":922,"column":49},"end":{"line":922,"column":58}},"325":{"start":{"line":923,"column":27},"end":{"line":923,"column":78}},"326":{"start":{"line":926,"column":25},"end":{"line":926,"column":57}},"327":{"start":{"line":929,"column":24},"end":{"line":929,"column":76}},"328":{"start":{"line":930,"column":23},"end":{"line":930,"column":53}},"329":{"start":{"line":933,"column":22},"end":{"line":933,"column":65}},"330":{"start":{"line":936,"column":6},"end":{"line":950,"column":8}},"331":{"start":{"line":952,"column":6},"end":{"line":952,"column":92}},"332":{"start":{"line":953,"column":6},"end":{"line":953,"column":18}},"333":{"start":{"line":961,"column":18},"end":{"line":961,"column":37}},"334":{"start":{"line":962,"column":16},"end":{"line":962,"column":30}},"335":{"start":{"line":964,"column":4},"end":{"line":964,"column":79}},"336":{"start":{"line":964,"column":66},"end":{"line":964,"column":79}},"337":{"start":{"line":965,"column":4},"end":{"line":965,"column":79}},"338":{"start":{"line":965,"column":66},"end":{"line":965,"column":79}},"339":{"start":{"line":966,"column":4},"end":{"line":966,"column":79}},"340":{"start":{"line":966,"column":66},"end":{"line":966,"column":79}},"341":{"start":{"line":967,"column":4},"end":{"line":967,"column":79}},"342":{"start":{"line":967,"column":66},"end":{"line":967,"column":79}},"343":{"start":{"line":968,"column":4},"end":{"line":968,"column":79}},"344":{"start":{"line":968,"column":66},"end":{"line":968,"column":79}},"345":{"start":{"line":969,"column":4},"end":{"line":969,"column":79}},"346":{"start":{"line":969,"column":66},"end":{"line":969,"column":79}},"347":{"start":{"line":970,"column":4},"end":{"line":970,"column":79}},"348":{"start":{"line":970,"column":66},"end":{"line":970,"column":79}},"349":{"start":{"line":971,"column":4},"end":{"line":971,"column":79}},"350":{"start":{"line":971,"column":66},"end":{"line":971,"column":79}},"351":{"start":{"line":972,"column":4},"end":{"line":972,"column":80}},"352":{"start":{"line":972,"column":67},"end":{"line":972,"column":80}},"353":{"start":{"line":973,"column":4},"end":{"line":973,"column":81}},"354":{"start":{"line":973,"column":68},"end":{"line":973,"column":81}},"355":{"start":{"line":974,"column":4},"end":{"line":974,"column":81}},"356":{"start":{"line":974,"column":68},"end":{"line":974,"column":81}},"357":{"start":{"line":975,"column":4},"end":{"line":975,"column":17}},"358":{"start":{"line":985,"column":4},"end":{"line":985,"column":27}},"359":{"start":{"line":985,"column":15},"end":{"line":985,"column":27}},"360":{"start":{"line":987,"column":17},"end":{"line":987,"column":45}},"361":{"start":{"line":990,"column":18},"end":{"line":994,"column":6}},"362":{"start":{"line":997,"column":4},"end":{"line":997,"column":28}},"363":{"start":{"line":1007,"column":22},"end":{"line":1007,"column":108}},"364":{"start":{"line":1009,"column":18},"end":{"line":1013,"column":6}},"365":{"start":{"line":1016,"column":4},"end":{"line":1016,"column":58}},"366":{"start":{"line":1026,"column":22},"end":{"line":1026,"column":108}},"367":{"start":{"line":1027,"column":17},"end":{"line":1027,"column":35}},"368":{"start":{"line":1029,"column":18},"end":{"line":1033,"column":6}},"369":{"start":{"line":1036,"column":4},"end":{"line":1045,"column":6}},"370":{"start":{"line":1055,"column":4},"end":{"line":1059,"column":6}},"371":{"start":{"line":1069,"column":43},"end":{"line":1069,"column":45}},"372":{"start":{"line":1070,"column":18},"end":{"line":1074,"column":6}},"373":{"start":{"line":1077,"column":4},"end":{"line":1079,"column":5}},"374":{"start":{"line":1077,"column":17},"end":{"line":1077,"column":18}},"375":{"start":{"line":1078,"column":6},"end":{"line":1078,"column":38}},"376":{"start":{"line":1081,"column":4},"end":{"line":1081,"column":18}},"377":{"start":{"line":1088,"column":47},"end":{"line":1088,"column":56}},"378":{"start":{"line":1090,"column":17},"end":{"line":1090,"column":37}},"379":{"start":{"line":1092,"column":4},"end":{"line":1092,"column":24}},"380":{"start":{"line":1093,"column":4},"end":{"line":1093,"column":38}},"381":{"start":{"line":1094,"column":4},"end":{"line":1096,"column":5}},"382":{"start":{"line":1095,"column":6},"end":{"line":1095,"column":40}},"383":{"start":{"line":1098,"column":4},"end":{"line":1098,"column":26}},"384":{"start":{"line":1099,"column":4},"end":{"line":1099,"column":52}},"385":{"start":{"line":1100,"column":4},"end":{"line":1100,"column":53}},"386":{"start":{"line":1101,"column":4},"end":{"line":1101,"column":58}},"387":{"start":{"line":1103,"column":4},"end":{"line":1103,"column":26}},"388":{"start":{"line":1104,"column":4},"end":{"line":1106,"column":7}},"389":{"start":{"line":1105,"column":6},"end":{"line":1105,"column":40}},"390":{"start":{"line":1108,"column":4},"end":{"line":1110,"column":5}},"391":{"start":{"line":1109,"column":6},"end":{"line":1109,"column":39}},"392":{"start":{"line":1112,"column":4},"end":{"line":1120,"column":11}},"393":{"start":{"line":1122,"column":4},"end":{"line":1122,"column":18}},"394":{"start":{"line":1129,"column":4},"end":{"line":1131,"column":5}},"395":{"start":{"line":1130,"column":6},"end":{"line":1130,"column":78}},"396":{"start":{"line":1133,"column":4},"end":{"line":1156,"column":5}},"397":{"start":{"line":1135,"column":23},"end":{"line":1135,"column":51}},"398":{"start":{"line":1138,"column":6},"end":{"line":1152,"column":8}},"399":{"start":{"line":1154,"column":6},"end":{"line":1154,"column":94}},"400":{"start":{"line":1155,"column":6},"end":{"line":1155,"column":78}},"401":{"start":{"line":1163,"column":4},"end":{"line":1188,"column":5}},"402":{"start":{"line":1165,"column":6},"end":{"line":1167,"column":7}},"403":{"start":{"line":1166,"column":8},"end":{"line":1166,"column":42}},"404":{"start":{"line":1170,"column":24},"end":{"line":1170,"column":62}},"405":{"start":{"line":1171,"column":22},"end":{"line":1171,"column":57}},"406":{"start":{"line":1174,"column":32},"end":{"line":1174,"column":85}},"407":{"start":{"line":1175,"column":26},"end":{"line":1175,"column":58}},"408":{"start":{"line":1178,"column":25},"end":{"line":1178,"column":66}},"409":{"start":{"line":1179,"column":25},"end":{"line":1179,"column":48}},"410":{"start":{"line":1182,"column":21},"end":{"line":1182,"column":77}},"411":{"start":{"line":1184,"column":6},"end":{"line":1184,"column":20}},"412":{"start":{"line":1186,"column":6},"end":{"line":1186,"column":92}},"413":{"start":{"line":1187,"column":6},"end":{"line":1187,"column":72}},"414":{"start":{"line":1195,"column":53},"end":{"line":1195,"column":62}},"415":{"start":{"line":1197,"column":17},"end":{"line":1197,"column":41}},"416":{"start":{"line":1199,"column":4},"end":{"line":1199,"column":24}},"417":{"start":{"line":1200,"column":4},"end":{"line":1200,"column":40}},"418":{"start":{"line":1201,"column":4},"end":{"line":1201,"column":38}},"419":{"start":{"line":1202,"column":4},"end":{"line":1204,"column":5}},"420":{"start":{"line":1203,"column":6},"end":{"line":1203,"column":40}},"421":{"start":{"line":1206,"column":4},"end":{"line":1206,"column":27}},"422":{"start":{"line":1207,"column":4},"end":{"line":1207,"column":67}},"423":{"start":{"line":1208,"column":4},"end":{"line":1210,"column":5}},"424":{"start":{"line":1209,"column":6},"end":{"line":1209,"column":68}},"425":{"start":{"line":1212,"column":4},"end":{"line":1212,"column":26}},"426":{"start":{"line":1213,"column":4},"end":{"line":1213,"column":62}},"427":{"start":{"line":1214,"column":4},"end":{"line":1214,"column":60}},"428":{"start":{"line":1217,"column":4},"end":{"line":1230,"column":5}},"429":{"start":{"line":1218,"column":6},"end":{"line":1218,"column":28}},"430":{"start":{"line":1219,"column":6},"end":{"line":1219,"column":186}},"431":{"start":{"line":1220,"column":6},"end":{"line":1220,"column":189}},"432":{"start":{"line":1221,"column":6},"end":{"line":1221,"column":183}},"433":{"start":{"line":1222,"column":6},"end":{"line":1222,"column":186}},"434":{"start":{"line":1224,"column":6},"end":{"line":1224,"column":28}},"435":{"start":{"line":1225,"column":6},"end":{"line":1225,"column":65}},"436":{"start":{"line":1226,"column":6},"end":{"line":1226,"column":65}},"437":{"start":{"line":1227,"column":6},"end":{"line":1227,"column":65}},"438":{"start":{"line":1228,"column":6},"end":{"line":1228,"column":65}},"439":{"start":{"line":1229,"column":6},"end":{"line":1229,"column":65}},"440":{"start":{"line":1232,"column":4},"end":{"line":1234,"column":5}},"441":{"start":{"line":1233,"column":6},"end":{"line":1233,"column":39}},"442":{"start":{"line":1236,"column":4},"end":{"line":1245,"column":11}},"443":{"start":{"line":1247,"column":4},"end":{"line":1247,"column":18}},"444":{"start":{"line":1254,"column":4},"end":{"line":1256,"column":5}},"445":{"start":{"line":1255,"column":6},"end":{"line":1255,"column":72}},"446":{"start":{"line":1258,"column":4},"end":{"line":1287,"column":5}},"447":{"start":{"line":1260,"column":23},"end":{"line":1260,"column":51}},"448":{"start":{"line":1263,"column":6},"end":{"line":1283,"column":8}},"449":{"start":{"line":1285,"column":6},"end":{"line":1285,"column":96}},"450":{"start":{"line":1286,"column":6},"end":{"line":1286,"column":72}},"451":{"start":{"line":1294,"column":4},"end":{"line":1347,"column":5}},"452":{"start":{"line":1296,"column":34},"end":{"line":1296,"column":43}},"453":{"start":{"line":1299,"column":29},"end":{"line":1299,"column":68}},"454":{"start":{"line":1301,"column":6},"end":{"line":1303,"column":7}},"455":{"start":{"line":1302,"column":8},"end":{"line":1302,"column":58}},"456":{"start":{"line":1306,"column":25},"end":{"line":1306,"column":64}},"457":{"start":{"line":1309,"column":28},"end":{"line":1319,"column":8}},"458":{"start":{"line":1321,"column":6},"end":{"line":1334,"column":8}},"459":{"start":{"line":1336,"column":6},"end":{"line":1336,"column":94}},"460":{"start":{"line":1337,"column":6},"end":{"line":1346,"column":8}},"461":{"start":{"line":1353,"column":43},"end":{"line":1366,"column":6}},"462":{"start":{"line":1367,"column":4},"end":{"line":1367,"column":39}},"463":{"start":{"line":1371,"column":43},"end":{"line":1381,"column":6}},"464":{"start":{"line":1382,"column":4},"end":{"line":1382,"column":42}},"465":{"start":{"line":1386,"column":46},"end":{"line":1399,"column":6}},"466":{"start":{"line":1400,"column":4},"end":{"line":1400,"column":42}},"467":{"start":{"line":1404,"column":46},"end":{"line":1414,"column":6}},"468":{"start":{"line":1415,"column":4},"end":{"line":1415,"column":46}},"469":{"start":{"line":1420,"column":50},"end":{"line":1433,"column":6}},"470":{"start":{"line":1435,"column":54},"end":{"line":1445,"column":6}},"471":{"start":{"line":1447,"column":4},"end":{"line":1447,"column":100}},"472":{"start":{"line":1452,"column":62},"end":{"line":1475,"column":6}},"473":{"start":{"line":1477,"column":4},"end":{"line":1477,"column":103}},"474":{"start":{"line":1482,"column":55},"end":{"line":1495,"column":6}},"475":{"start":{"line":1497,"column":4},"end":{"line":1497,"column":58}},"476":{"start":{"line":1502,"column":51},"end":{"line":1515,"column":6}},"477":{"start":{"line":1517,"column":4},"end":{"line":1517,"column":52}},"478":{"start":{"line":1522,"column":47},"end":{"line":1532,"column":6}},"479":{"start":{"line":1534,"column":4},"end":{"line":1534,"column":60}},"480":{"start":{"line":1539,"column":43},"end":{"line":1549,"column":6}},"481":{"start":{"line":1551,"column":4},"end":{"line":1551,"column":51}},"482":{"start":{"line":1559,"column":4},"end":{"line":1559,"column":39}},"483":{"start":{"line":1561,"column":4},"end":{"line":1578,"column":5}},"484":{"start":{"line":1563,"column":8},"end":{"line":1563,"column":52}},"485":{"start":{"line":1565,"column":8},"end":{"line":1565,"column":47}},"486":{"start":{"line":1567,"column":8},"end":{"line":1567,"column":48}},"487":{"start":{"line":1569,"column":8},"end":{"line":1569,"column":55}},"488":{"start":{"line":1571,"column":8},"end":{"line":1571,"column":46}},"489":{"start":{"line":1573,"column":8},"end":{"line":1573,"column":55}},"490":{"start":{"line":1575,"column":8},"end":{"line":1575,"column":50}},"491":{"start":{"line":1577,"column":8},"end":{"line":1577,"column":50}},"492":{"start":{"line":1586,"column":27},"end":{"line":1586,"column":76}},"493":{"start":{"line"
[...]
olumn":5}},"31":{"start":{"line":92,"column":6},"end":{"line":94,"column":7}},"32":{"start":{"line":93,"column":8},"end":{"line":93,"column":17}},"33":{"start":{"line":97,"column":43},"end":{"line":103,"column":9}},"34":{"start":{"line":97,"column":61},"end":{"line":103,"column":8}},"35":{"start":{"line":106,"column":18},"end":{"line":106,"column":60}},"36":{"start":{"line":107,"column":6},"end":{"line":114,"column":7}},"37":{"start":{"line":108,"column":8},"end":{"line":113,"column":11}},"38":{"start":{"line":117,"column":6},"end":{"line":117,"column":47}},"39":{"start":{"line":118,"column":6},"end":{"line":118,"column":57}},"40":{"start":{"line":120,"column":6},"end":{"line":120,"column":25}},"41":{"start":{"line":121,"column":6},"end":{"line":121,"column":67}},"42":{"start":{"line":123,"column":6},"end":{"line":123,"column":33}},"43":{"start":{"line":125,"column":6},"end":{"line":125,"column":106}},"44":{"start":{"line":126,"column":6},"end":{"line":126,"column":18}},"45":{"start":{"line":137,"column":40},"end":{"line":193,"column":null}},"46":{"start":{"line":138,"column":4},"end":{"line":192,"column":5}},"47":{"start":{"line":139,"column":6},"end":{"line":139,"column":61}},"48":{"start":{"line":141,"column":6},"end":{"line":143,"column":7}},"49":{"start":{"line":142,"column":8},"end":{"line":142,"column":47}},"50":{"start":{"line":145,"column":26},"end":{"line":145,"column":58}},"51":{"start":{"line":148,"column":6},"end":{"line":157,"column":7}},"52":{"start":{"line":149,"column":8},"end":{"line":149,"column":42}},"53":{"start":{"line":150,"column":13},"end":{"line":157,"column":7}},"54":{"start":{"line":151,"column":8},"end":{"line":154,"column":11}},"55":{"start":{"line":156,"column":8},"end":{"line":156,"column":47}},"56":{"start":{"line":159,"column":6},"end":{"line":162,"column":7}},"57":{"start":{"line":160,"column":8},"end":{"line":160,"column":35}},"58":{"start":{"line":161,"column":8},"end":{"line":161,"column":17}},"59":{"start":{"line":164,"column":43},"end":{"line":170,"column":9}},"60":{"start":{"line":164,"column":66},"end":{"line":170,"column":8}},"61":{"start":{"line":172,"column":18},"end":{"line":172,"column":60}},"62":{"start":{"line":173,"column":6},"end":{"line":180,"column":7}},"63":{"start":{"line":174,"column":8},"end":{"line":179,"column":11}},"64":{"start":{"line":182,"column":6},"end":{"line":182,"column":47}},"65":{"start":{"line":183,"column":6},"end":{"line":183,"column":57}},"66":{"start":{"line":185,"column":6},"end":{"line":185,"column":25}},"67":{"start":{"line":186,"column":6},"end":{"line":186,"column":81}},"68":{"start":{"line":188,"column":6},"end":{"line":188,"column":33}},"69":{"start":{"line":190,"column":6},"end":{"line":190,"column":104}},"70":{"start":{"line":191,"column":6},"end":{"line":191,"column":18}},"71":{"start":{"line":201,"column":33},"end":{"line":224,"column":null}},"72":{"start":{"line":202,"column":4},"end":{"line":223,"column":5}},"73":{"start":{"line":203,"column":20},"end":{"line":203,"column":62}},"74":{"start":{"line":204,"column":6},"end":{"line":206,"column":7}},"75":{"start":{"line":205,"column":8},"end":{"line":205,"column":17}},"76":{"start":{"line":208,"column":27},"end":{"line":208,"column":52}},"77":{"start":{"line":209,"column":6},"end":{"line":211,"column":8}},"78":{"start":{"line":210,"column":8},"end":{"line":210,"column":70}},"79":{"start":{"line":212,"column":6},"end":{"line":212,"column":57}},"80":{"start":{"line":214,"column":6},"end":{"line":214,"column":25}},"81":{"start":{"line":216,"column":27},"end":{"line":216,"column":67}},"82":{"start":{"line":217,"column":6},"end":{"line":217,"column":61}},"83":{"start":{"line":219,"column":6},"end":{"line":219,"column":26}},"84":{"start":{"line":221,"column":6},"end":{"line":221,"column":104}},"85":{"start":{"line":222,"column":6},"end":{"line":222,"column":18}},"86":{"start":{"line":231,"column":4},"end":{"line":298,"column":5}},"87":{"start":{"line":232,"column":19},"end":{"line":232,"column":31}},"88":{"start":{"line":233,"column":19},"end":{"line":233,"column":31}},"89":{"start":{"line":235,"column":6},"end":{"line":235,"column":29}},"90":{"start":{"line":235,"column":17},"end":{"line":235,"column":29}},"91":{"start":{"line":237,"column":6},"end":{"line":294,"column":7}},"92":{"start":{"line":239,"column":10},"end":{"line":242,"column":12}},"93":{"start":{"line":245,"column":10},"end":{"line":249,"column":12}},"94":{"start":{"line":248,"column":49},"end":{"line":248,"column":58}},"95":{"start":{"line":252,"column":10},"end":{"line":255,"column":12}},"96":{"start":{"line":258,"column":10},"end":{"line":267,"column":12}},"97":{"start":{"line":270,"column":10},"end":{"line":274,"column":12}},"98":{"start":{"line":277,"column":10},"end":{"line":281,"column":12}},"99":{"start":{"line":284,"column":10},"end":{"line":290,"column":12}},"100":{"start":{"line":293,"column":10},"end":{"line":293,"column":22}},"101":{"start":{"line":296,"column":6},"end":{"line":296,"column":92}},"102":{"start":{"line":297,"column":6},"end":{"line":297,"column":18}},"103":{"start":{"line":306,"column":4},"end":{"line":373,"column":5}},"104":{"start":{"line":307,"column":19},"end":{"line":307,"column":31}},"105":{"start":{"line":308,"column":19},"end":{"line":308,"column":31}},"106":{"start":{"line":310,"column":6},"end":{"line":310,"column":29}},"107":{"start":{"line":310,"column":17},"end":{"line":310,"column":29}},"108":{"start":{"line":312,"column":6},"end":{"line":369,"column":7}},"109":{"start":{"line":314,"column":10},"end":{"line":320,"column":12}},"110":{"start":{"line":323,"column":10},"end":{"line":327,"column":12}},"111":{"start":{"line":330,"column":10},"end":{"line":334,"column":12}},"112":{"start":{"line":337,"column":10},"end":{"line":342,"column":12}},"113":{"start":{"line":345,"column":10},"end":{"line":350,"column":12}},"114":{"start":{"line":353,"column":10},"end":{"line":358,"column":12}},"115":{"start":{"line":361,"column":10},"end":{"line":365,"column":12}},"116":{"start":{"line":368,"column":10},"end":{"line":368,"column":22}},"117":{"start":{"line":371,"column":6},"end":{"line":371,"column":92}},"118":{"start":{"line":372,"column":6},"end":{"line":372,"column":18}},"119":{"start":{"line":377,"column":0},"end":{"line":377,"column":41}}},"fnMap":{"0":{"name":"(anonymous_7)","decl":{"start":{"line":19,"column":15},"end":{"line":19,"column":37}},"loc":{"start":{"line":19,"column":37},"end":{"line":82,"column":null}}},"1":{"name":"(anonymous_8)","decl":{"start":{"line":19,"column":38},"end":{"line":19,"column":60}},"loc":{"start":{"line":19,"column":82},"end":{"line":82,"column":3}}},"2":{"name":"(anonymous_9)","decl":{"start":{"line":39,"column":61},"end":{"line":39,"column":62}},"loc":{"start":{"line":39,"column":78},"end":{"line":51,"column":7}}},"3":{"name":"(anonymous_10)","decl":{"start":{"line":51,"column":16},"end":{"line":51,"column":17}},"loc":{"start":{"line":51,"column":31},"end":{"line":51,"column":56}}},"4":{"name":"(anonymous_11)","decl":{"start":{"line":90,"column":15},"end":{"line":90,"column":30}},"loc":{"start":{"line":90,"column":130},"end":{"line":128,"column":null}}},"5":{"name":"(anonymous_13)","decl":{"start":{"line":97,"column":52},"end":{"line":97,"column":56}},"loc":{"start":{"line":97,"column":61},"end":{"line":103,"column":8}}},"6":{"name":"(anonymous_14)","decl":{"start":{"line":137,"column":15},"end":{"line":137,"column":39}},"loc":{"start":{"line":137,"column":39},"end":{"line":193,"column":null}}},"7":{"name":"(anonymous_15)","decl":{"start":{"line":137,"column":40},"end":{"line":137,"column":62}},"loc":{"start":{"line":137,"column":111},"end":{"line":193,"column":3}}},"8":{"name":"(anonymous_16)","decl":{"start":{"line":164,"column":55},"end":{"line":164,"column":61}},"loc":{"start":{"line":164,"column":66},"end":{"line":170,"column":8}}},"9":{"name":"(anonymous_17)","decl":{"start":{"line":201,"column":15},"end":{"line":201,"column":32}},"loc":{"start":{"line":201,"column":32},"end":{"line":224,"column":null}}},"10":{"name":"(anonymous_18)","decl":{"start":{"line":201,"column":33},"end":{"line":201,"column":55}},"loc":{"start":{"line":201,"column":87},"end":{"line":224,"column":3}}},"11":{"name":"(anonymous_19)","decl":{"start":{"line":209,"column":53},"end":{"line":209,"column":54}},"loc":{"start":{"line":210,"column":8},"end":{"line":210,"column":70}}},"12":{"name":"(anonymous_20)","decl":{"start":{"line":230,"column":10},"end":{"line":230,"column":26}},"loc":{"start":{"line":230,"column":39},"end":{"line":299,"column":3}}},"13":{"name":"(anonymous_21)","decl":{"start":{"line":248,"column":34},"end":{"line":248,"column":35}},"loc":{"start":{"line":248,"column":49},"end":{"line":248,"column":58}}},"14":{"name":"(anonymous_22)","decl":{"start":{"line":305,"column":10},"end":{"line":305,"column":27}},"loc":{"start":{"line":305,"column":40},"end":{"line":374,"column":3}}}},"branchMap":{"0":{"loc":{"start":{"line":19,"column":62},"end":{"line":19,"column":82}},"type":"default-arg","locations":[{"start":{"line":19,"column":78},"end":{"line":19,"column":82}}]},"1":{"loc":{"start":{"line":33,"column":6},"end":{"line":36,"column":7}},"type":"if","locations":[{"start":{"line":33,"column":6},"end":{"line":36,"column":7}}]},"2":{"loc":{"start":{"line":48,"column":19},"end":{"line":48,"column":89}},"type":"cond-expr","locations":[{"start":{"line":48,"column":40},"end":{"line":48,"column":43}},{"start":{"line":48,"column":47},"end":{"line":48,"column":88}}]},"3":{"loc":{"start":{"line":48,"column":47},"end":{"line":48,"column":88}},"type":"cond-expr","locations":[{"start":{"line":48,"column":64},"end":{"line":48,"column":82}},{"start":{"line":48,"column":85},"end":{"line":48,"column":88}}]},"4":{"loc":{"start":{"line":51,"column":31},"end":{"line":51,"column":56}},"type":"binary-expr","locations":[{"start":{"line":51,"column":31},"end":{"line":51,"column":41}},{"start":{"line":51,"column":45},"end":{"line":51,"column":56}}]},"5":{"loc":{"start":{"line":54,"column":6},"end":{"line":74,"column":7}},"type":"if","locations":[{"start":{"line":54,"column":6},"end":{"line":74,"column":7}}]},"6":{"loc":{"start":{"line":57,"column":8},"end":{"line":64,"column":9}},"type":"if","locations":[{"start":{"line":57,"column":8},"end":{"line":64,"column":9}}]},"7":{"loc":{"start":{"line":79,"column":44},"end":{"line":79,"column":100}},"type":"cond-expr","locations":[{"start":{"line":79,"column":69},"end":{"line":79,"column":82}},{"start":{"line":79,"column":85},"end":{"line":79,"column":100}}]},"8":{"loc":{"start":{"line":92,"column":6},"end":{"line":94,"column":7}},"type":"if","locations":[{"start":{"line":92,"column":6},"end":{"line":94,"column":7}}]},"9":{"loc":{"start":{"line":92,"column":10},"end":{"line":92,"column":36}},"type":"binary-expr","locations":[{"start":{"line":92,"column":10},"end":{"line":92,"column":15}},{"start":{"line":92,"column":19},"end":{"line":92,"column":36}}]},"10":{"loc":{"start":{"line":100,"column":16},"end":{"line":100,"column":39}},"type":"binary-expr","locations":[{"start":{"line":100,"column":16},"end":{"line":100,"column":27}},{"start":{"line":100,"column":31},"end":{"line":100,"column":39}}]},"11":{"loc":{"start":{"line":101,"column":17},"end":{"line":101,"column":36}},"type":"binary-expr","locations":[{"start":{"line":101,"column":17},"end":{"line":101,"column":29}},{"start":{"line":101,"column":33},"end":{"line":101,"column":36}}]},"12":{"loc":{"start":{"line":107,"column":6},"end":{"line":114,"column":7}},"type":"if","locations":[{"start":{"line":107,"column":6},"end":{"line":114,"column":7}}]},"13":{"loc":{"start":{"line":125,"column":46},"end":{"line":125,"column":102}},"type":"cond-expr","locations":[{"start":{"line":125,"column":71},"end":{"line":125,"column":84}},{"start":{"line":125,"column":87},"end":{"line":125,"column":102}}]},"14":{"loc":{"start":{"line":137,"column":80},"end":{"line":137,"column":111}},"type":"default-arg","locations":[{"start":{"line":137,"column":105},"end":{"line":137,"column":111}}]},"15":{"loc":{"start":{"line":141,"column":6},"end":{"line":143,"column":7}},"type":"if","locations":[{"start":{"line":141,"column":6},"end":{"line":143,"column":7}}]},"16":{"loc":{"start":{"line":148,"column":6},"end":{"line":157,"column":7}},"type":"if","locations":[{"start":{"line":148,"column":6},"end":{"line":157,"column":7}},{"start":{"line":150,"column":13},"end":{"line":157,"column":7}}]},"17":{"loc":{"start":{"line":150,"column":13},"end":{"line":157,"column":7}},"type":"if","locations":[{"start":{"line":150,"column":13},"end":{"line":157,"column":7}},{"start":{"line":155,"column":13},"end":{"line":157,"column":7}}]},"18":{"loc":{"start":{"line":159,"column":6},"end":{"line":162,"column":7}},"type":"if","locations":[{"start":{"line":159,"column":6},"end":{"line":162,"column":7}}]},"19":{"loc":{"start":{"line":159,"column":10},"end":{"line":159,"column":42}},"type":"binary-expr","locations":[{"start":{"line":159,"column":10},"end":{"line":159,"column":18}},{"start":{"line":159,"column":22},"end":{"line":159,"column":42}}]},"20":{"loc":{"start":{"line":168,"column":17},"end":{"line":168,"column":39}},"type":"binary-expr","locations":[{"start":{"line":168,"column":17},"end":{"line":168,"column":31}},{"start":{"line":168,"column":35},"end":{"line":168,"column":39}}]},"21":{"loc":{"start":{"line":173,"column":6},"end":{"line":180,"column":7}},"type":"if","locations":[{"start":{"line":173,"column":6},"end":{"line":180,"column":7}}]},"22":{"loc":{"start":{"line":190,"column":44},"end":{"line":190,"column":100}},"type":"cond-expr","locations":[{"start":{"line":190,"column":69},"end":{"line":190,"column":82}},{"start":{"line":190,"column":85},"end":{"line":190,"column":100}}]},"23":{"loc":{"start":{"line":201,"column":57},"end":{"line":201,"column":87}},"type":"default-arg","locations":[{"start":{"line":201,"column":84},"end":{"line":201,"column":87}}]},"24":{"loc":{"start":{"line":204,"column":6},"end":{"line":206,"column":7}},"type":"if","locations":[{"start":{"line":204,"column":6},"end":{"line":206,"column":7}}]},"25":{"loc":{"start":{"line":210,"column":8},"end":{"line":210,"column":70}},"type":"binary-expr","locations":[{"start":{"line":210,"column":8},"end":{"line":210,"column":34}},{"start":{"line":210,"column":38},"end":{"line":210,"column":70}}]},"26":{"loc":{"start":{"line":221,"column":44},"end":{"line":221,"column":100}},"type":"cond-expr","locations":[{"start":{"line":221,"column":69},"end":{"line":221,"column":82}},{"start":{"line":221,"column":85},"end":{"line":221,"column":100}}]},"27":{"loc":{"start":{"line":235,"column":6},"end":{"line":235,"column":29}},"type":"if","locations":[{"start":{"line":235,"column":6},"end":{"line":235,"column":29}}]},"28":{"loc":{"start":{"line":237,"column":6},"end":{"line":294,"column":7}},"type":"switch","locations":[{"start":{"line":238,"column":8},"end":{"line":242,"column":12}},{"start":{"line":244,"column":8},"end":{"line":249,"column":12}},{"start":{"line":251,"column":8},"end":{"line":255,"column":12}},{"start":{"line":257,"column":8},"end":{"line":267,"column":12}},{"start":{"line":269,"column":8},"end":{"line":274,"column":12}},{"start":{"line":276,"column":8},"end":{"line":281,"column":12}},{"start":{"line":283,"column":8},"end":{"line":290,"column":12}},{"start":{"line":292,"column":8},"end":{"line":293,"column":22}}]},"29":{"loc":{"start":{"line":260,"column":25},"end":{"line":260,"column":48}},"type":"cond-expr","locations":[{"start":{"line":260,"column":37},"end":{"line":260,"column":39}},{"start":{"line":260,"column":37},"end":{"line":260,"column":48}}]},"30":{"loc":{"start":{"line":260,"column":25},"end":{"line":260,"column":39}},"type":"binary-expr","locations":[{"start":{"line":260,"column":25},"end":{"line":260,"column":39}},{"start":{"line":260,"column":37},"end":{"line":260,"column":39}}]},"31":{"loc":{"start":{"line":261,"column":20},"end":{"line":261,"column":38}},"type":"cond-expr","locations":[{"start":{"line":261,"column":32},"end":{"line":261,"column":34}},{"start":{"line":261,"column":32},"end":{"line":261,"column":38}}]},"32":{"loc":{"start":{"line":261,"column":20},"end":{"line":261,"column":34}},"type":"binary-expr","locations":[{"start":{"line":261,"column":20},"end":{"line":261,"column":34}},{"start":{"line":261,"column":32},"end":{"line":261,"column":34}}]},"33":{"loc":{"start":{"line":264,"column":25},"end":{"line":264,"column":48}},"type":"cond-expr","locations":[{"start":{"line":264,"column":37},"end":{"line":264,"column":39}},{"start":{"line":264,"column":37},"end":{"line":264,"column":48}}]},"34":{"loc":{"start":{"line":264,"column":25},"end":{"line":264,"column":39}},"type":"binary-expr","locations":[{"start":{"line":264,"column":25},"end":{"line":264,"column":39}},{"start":{"line":264,"column":37},"end":{"line":264,"column":39}}]},"35":{"loc":{"start":{"line":265,"column":20},"end":{"line":265,"column":38}},"type":"cond-expr","locations":[{"start":{"line":265,"column":32},"end":{"line":265,"column":34}},{"start":{"line":265,"column":32},"end":{"line":265,"column":38}}]},"36":{"loc":{"start":{"line":265,"column":20},"end":{"line":265,"column":34}},"type":"binary-expr","locations":[{"start":{"line":265,"column":20},"end":{"line":265,"column":34}},{"start":{"line":265,"column":32},"end":{"line":265,"column":34}}]},"37":{"loc":{"start":{"line":296,"column":32},"end":{"line":296,"column":88}},"type":"cond-expr","locations":[{"start":{"line":296,"column":57},"end":{"line":296,"column":70}},{"start":{"line":296,"column":73},"end":{"line":296,"column":88}}]},"38":{"loc":{"start":{"line":310,"column":6},"end":{"line":310,"column":29}},"type":"if","locations":[{"start":{"line":310,"column":6},"end":{"line":310,"column":29}}]},"39":{"loc":{"start":{"line":312,"column":6},"end":{"line":369,"column":7}},"type":"switch","locations":[{"start":{"line":313,"column":8},"end":{"line":320,"column":12}},{"start":{"line":322,"column":8},"end":{"line":327,"column":12}},{"start":{"line":329,"column":8},"end":{"line":334,"column":12}},{"start":{"line":336,"column":8},"end":{"line":342,"column":12}},{"start":{"line":344,"column":8},"end":{"line":350,"column":12}},{"start":{"line":352,"column":8},"end":{"line":358,"column":12}},{"start":{"line":360,"column":8},"end":{"line":365,"column":12}},{"start":{"line":367,"column":8},"end":{"line":368,"column":22}}]},"40":{"loc":{"start":{"line":371,"column":32},"end":{"line":371,"column":88}},"type":"cond-expr","locations":[{"start":{"line":371,"column":57},"end":{"line":371,"column":70}},{"start":{"line":371,"column":73},"end":{"line":371,"column":88}}]}},"s":{"0":1,"1":1,"2":1,"3":1,"4":1,"5":0,"6":0,"7":0,"8":0,"9":0,"10":0,"11":0,"12":0,"13":0,"14":0,"15":0,"16":0,"17":0,"18":0,"19":0,"20":0,"21":0,"22":0,"23":0,"24":0,"25":0,"26":0,"27":0,"28":0,"29":0,"30":0,"31":0,"32":0,"33":0,"34":0,"35":0,"36":0,"37":0,"38":0,"39":0,"40":0,"41":0,"42":0,"43":0,"44":0,"45":1,"46":1,"47":1,"48":1,"49":0,"50":1,"51":1,"52":1,"53":0,"54":0,"55":0,"56":1,"57":0,"58":0,"59":1,"60":10,"61":1,"62":1,"63":0,"64":1,"65":1,"66":1,"67":1,"68":1,"69":0,"70":0,"71":0,"72":0,"73":0,"74":0,"75":0,"76":0,"77":0,"78":0,"79":0,"80":0,"81":0,"82":0,"83":0,"84":0,"85":0,"86":0,"87":0,"88":0,"89":0,"90":0,"91":0,"92":0,"93":0,"94":0,"95":0,"96":0,"97":0,"98":0,"99":0,"100":0,"101":0,"102":0,"103":0,"104":0,"105":0,"106":0,"107":0,"108":0,"109":0,"110":0,"111":0,"112":0,"113":0,"114":0,"115":0,"116":0,"117":0,"118":0,"119":1},"f":{"0":0,"1":0,"2":0,"3":0,"4":0,"5":0,"6":1,"7":1,"8":10,"9":0,"10":0,"11":0,"12":0,"13":0,"14":0},"b":{"0":[0],"1":[0],"2":[0,0],"3":[0,0],"4":[0,0],"5":[0],"6":[0],"7":[0,0],"8":[0],"9":[0,0],"10":[0,0],"11":[0,0],"12":[0],"13":[0,0],"14":[0],"15":[0],"16":[1,0],"17":[0,0],"18":[0],"19":[1,1],"20":[10,0],"21":[0],"22":[0,0],"23":[0],"24":[0],"25":[0,0],"26":[0,0],"27":[0],"28":[0,0,0,0,0,0,0,0],"29":[0,0],"30":[0,0],"31":[0,0],"32":[0,0],"33":[0,0],"34":[0,0],"35":[0,0],"36":[0,0],"37":[0,0],"38":[0],"39":[0,0,0,0,0,0,0,0],"40":[0,0]}}
}
