TN:
SF:server/src/models/userHistory.model.ts
FN:4,(anonymous_7)
FN:277,(anonymous_8)
FN:289,(anonymous_9)
FN:290,(anonymous_10)
FN:302,(anonymous_11)
FN:310,(anonymous_12)
FN:315,(anonymous_13)
FN:320,(anonymous_14)
FN:325,(anonymous_15)
FN:358,(anonymous_16)
FN:369,(anonymous_17)
FN:382,(anonymous_18)
FN:385,(anonymous_19)
FN:396,(anonymous_20)
FN:404,(anonymous_21)
FN:416,(anonymous_23)
FN:430,(anonymous_24)
FN:441,(anonymous_25)
FN:451,(anonymous_26)
FN:463,(anonymous_28)
FN:463,(anonymous_29)
FNF:21
FNH:1
FNDA:1,(anonymous_7)
FNDA:0,(anonymous_8)
FNDA:0,(anonymous_9)
FNDA:0,(anonymous_10)
FNDA:0,(anonymous_11)
FNDA:0,(anonymous_12)
FNDA:0,(anonymous_13)
FNDA:0,(anonymous_14)
FNDA:0,(anonymous_15)
FNDA:0,(anonymous_16)
FNDA:0,(anonymous_17)
FNDA:0,(anonymous_18)
FNDA:0,(anonymous_19)
FNDA:0,(anonymous_20)
FNDA:0,(anonymous_21)
FNDA:0,(anonymous_23)
FNDA:0,(anonymous_24)
FNDA:0,(anonymous_25)
FNDA:0,(anonymous_26)
FNDA:0,(anonymous_28)
FNDA:0,(anonymous_29)
DA:1,1
DA:4,1
DA:5,1
DA:6,1
DA:7,1
DA:8,1
DA:9,1
DA:10,1
DA:11,1
DA:185,1
DA:277,1
DA:279,0
DA:280,0
DA:281,0
DA:282,0
DA:283,0
DA:287,0
DA:288,0
DA:289,0
DA:290,0
DA:294,0
DA:295,0
DA:298,0
DA:302,1
DA:303,0
DA:304,0
DA:305,0
DA:306,0
DA:310,1
DA:311,0
DA:315,1
DA:316,0
DA:320,1
DA:321,0
DA:325,1
DA:326,0
DA:327,0
DA:328,0
DA:332,1
DA:333,1
DA:334,1
DA:335,1
DA:336,1
DA:337,1
DA:338,1
DA:339,1
DA:342,1
DA:343,1
DA:344,1
DA:345,1
DA:346,1
DA:347,1
DA:348,1
DA:354,1
DA:359,0
DA:360,0
DA:361,0
DA:370,0
DA:375,0
DA:383,0
DA:385,0
DA:386,0
DA:387,0
DA:388,0
DA:390,0
DA:397,0
DA:398,0
DA:405,0
DA:406,0
DA:407,0
DA:408,0
DA:409,0
DA:410,0
DA:417,0
DA:418,0
DA:419,0
DA:424,1
DA:431,0
DA:442,0
DA:452,0
DA:463,0
DA:464,0
DA:465,0
DA:467,0
DA:475,1
DA:477,1
LF:86
LH:35
BRDA:4,0,0,1
BRDA:4,0,1,1
BRDA:279,1,0,0
BRDA:280,2,0,0
BRDA:281,3,0,0
BRDA:282,4,0,0
BRDA:283,5,0,0
BRDA:287,6,0,0
BRDA:287,7,0,0
BRDA:287,7,1,0
BRDA:289,8,0,0
BRDA:289,8,1,0
BRDA:294,9,0,0
BRDA:294,10,0,0
BRDA:294,10,1,0
BRDA:304,11,0,0
BRDA:304,11,1,0
BRDA:316,12,0,0
BRDA:316,12,1,0
BRDA:321,13,0,0
BRDA:321,13,1,0
BRDA:321,14,0,0
BRDA:321,14,1,0
BRDA:326,15,0,0
BRDA:326,15,1,0
BRDA:327,16,0,0
BRDA:327,17,0,0
BRDA:327,17,1,0
BRDA:359,18,0,0
BRDA:359,18,1,0
BRDA:383,19,0,0
BRDA:385,20,0,0
BRDA:385,20,1,0
BRDA:385,21,0,0
BRDA:385,21,1,0
BRDA:386,22,0,0
BRDA:408,23,0,0
BRDA:408,23,1,0
BRDA:417,24,0,0
BRDA:430,25,0,0
BRDA:441,26,0,0
BRDA:463,27,0,0
BRDA:465,28,0,0
BRDA:465,29,0,0
BRDA:465,29,1,0
BRDA:465,29,2,0
BRF:46
BRH:2
end_of_record
TN:
SF:server/src/services/ai.service.ts
FN:25,(anonymous_7)
FN:36,(anonymous_8)
FN:36,(anonymous_9)
FN:95,(anonymous_10)
FN:135,(anonymous_12)
FN:135,(anonymous_13)
FN:151,(anonymous_14)
FN:158,(anonymous_15)
FN:173,(anonymous_16)
FN:173,(anonymous_17)
FNF:10
FNH:1
FNDA:1,(anonymous_7)
FNDA:0,(anonymous_8)
FNDA:0,(anonymous_9)
FNDA:0,(anonymous_10)
FNDA:0,(anonymous_12)
FNDA:0,(anonymous_13)
FNDA:0,(anonymous_14)
FNDA:0,(anonymous_15)
FNDA:0,(anonymous_16)
FNDA:0,(anonymous_17)
DA:1,1
DA:2,1
DA:3,1
DA:6,1
DA:9,1
DA:10,1
DA:11,1
DA:26,1
DA:27,1
DA:36,0
DA:37,0
DA:44,0
DA:46,0
DA:48,0
DA:73,0
DA:74,0
DA:75,0
DA:76,0
DA:80,0
DA:82,0
DA:83,0
DA:84,0
DA:86,0
DA:96,0
DA:97,0
DA:109,0
DA:111,0
DA:113,0
DA:114,0
DA:115,0
DA:117,0
DA:119,0
DA:121,0
DA:124,0
DA:125,0
DA:135,0
DA:136,0
DA:137,0
DA:146,0
DA:148,0
DA:150,0
DA:151,0
DA:152,0
DA:154,0
DA:156,0
DA:158,0
DA:159,0
DA:162,0
DA:163,0
DA:173,0
DA:174,0
DA:175,0
DA:184,0
DA:187,0
DA:189,0
DA:191,0
DA:196,1
LF:57
LH:10
BRDA:9,0,0,1
BRDA:9,0,1,1
BRDA:10,1,0,1
BRDA:10,1,1,1
BRDA:11,2,0,1
BRDA:11,2,1,1
BRDA:26,3,0,1
BRDA:26,3,1,1
BRDA:27,4,0,1
BRDA:27,4,1,1
BRDA:36,5,0,0
BRDA:39,6,0,0
BRDA:40,7,0,0
BRDA:41,8,0,0
BRDA:42,9,0,0
BRDA:43,10,0,0
BRDA:73,11,0,0
BRDA:73,12,0,0
BRDA:73,12,1,0
BRDA:73,12,2,0
BRDA:75,13,0,0
BRDA:75,14,0,0
BRDA:75,14,1,0
BRDA:75,14,2,0
BRDA:76,15,0,0
BRDA:76,15,1,0
BRDA:82,16,0,0
BRDA:82,16,1,0
BRDA:83,17,0,0
BRDA:83,18,0,0
BRDA:83,18,1,0
BRDA:114,19,0,0
BRDA:114,20,0,0
BRDA:114,20,1,0
BRDA:119,21,0,0
BRDA:119,21,1,0
BRDA:124,22,0,0
BRDA:124,22,1,0
BRDA:135,23,0,0
BRDA:151,24,0,0
BRDA:151,25,0,0
BRDA:151,25,1,0
BRDA:156,26,0,0
BRDA:156,26,1,0
BRDA:162,27,0,0
BRDA:162,27,1,0
BRDA:173,28,0,0
BRDA:189,29,0,0
BRDA:189,29,1,0
BRDA:191,30,0,0
BRDA:191,30,1,0
BRF:51
BRH:10
end_of_record
TN:
SF:server/src/services/ai/abTesting.service.ts
FN:34,(anonymous_0)
FN:42,(anonymous_1)
FN:80,(anonymous_2)
FN:113,(anonymous_3)
FN:123,(anonymous_4)
FN:126,(anonymous_5)
FN:145,(anonymous_6)
FN:166,(anonymous_7)
FN:168,(anonymous_8)
FN:180,(anonymous_9)
FN:192,(anonymous_10)
FN:213,(anonymous_11)
FN:245,(anonymous_12)
FN:247,(anonymous_13)
FN:253,(anonymous_14)
FN:255,(anonymous_15)
FN:263,(anonymous_16)
FNF:17
FNH:17
FNDA:5,(anonymous_0)
FNDA:5,(anonymous_1)
FNDA:4,(anonymous_2)
FNDA:3,(anonymous_3)
FNDA:3,(anonymous_4)
FNDA:6,(anonymous_5)
FNDA:6,(anonymous_6)
FNDA:2,(anonymous_7)
FNDA:6,(anonymous_8)
FNDA:4,(anonymous_9)
FNDA:6,(anonymous_10)
FNDA:6,(anonymous_11)
FNDA:2,(anonymous_12)
FNDA:6,(anonymous_13)
FNDA:2,(anonymous_14)
FNDA:6,(anonymous_15)
FNDA:3,(anonymous_16)
DA:1,2
DA:27,2
DA:28,5
DA:29,5
DA:36,5
DA:44,5
DA:50,5
DA:56,5
DA:62,5
DA:68,5
DA:81,4
DA:82,4
DA:83,4
DA:84,1
DA:85,1
DA:89,3
DA:90,3
DA:92,3
DA:93,3
DA:94,3
DA:95,3
DA:96,3
DA:97,3
DA:101,0
DA:103,0
DA:104,0
DA:114,3
DA:124,3
DA:126,6
DA:127,3
DA:128,1
DA:129,1
DA:132,2
DA:133,2
DA:134,2
DA:136,0
DA:137,0
DA:146,6
DA:147,6
DA:152,6
DA:155,6
DA:157,0
DA:167,2
DA:168,6
DA:170,2
DA:171,0
DA:175,2
DA:177,2
DA:180,2
DA:181,4
DA:192,2
DA:193,6
DA:194,0
DA:204,6
DA:205,6
DA:207,6
DA:208,4
DA:212,6
DA:213,6
DA:214,6
DA:215,4
DA:218,6
DA:219,6
DA:220,6
DA:225,6
DA:228,2
DA:237,0
DA:238,0
DA:246,2
DA:247,6
DA:254,2
DA:255,6
DA:264,3
DA:265,3
DA:266,83
DA:267,83
DA:268,83
DA:270,3
LF:78
LH:68
BRDA:83,0,0,1
BRDA:83,1,0,4
BRDA:83,1,1,3
BRDA:95,2,0,3
BRDA:103,3,0,0
BRDA:103,3,1,0
BRDA:114,4,0,3
BRDA:114,4,1,1
BRDA:127,5,0,1
BRDA:136,6,0,0
BRDA:136,6,1,0
BRDA:157,7,0,0
BRDA:157,7,1,0
BRDA:170,8,0,0
BRDA:183,9,0,4
BRDA:183,9,1,2
BRDA:193,10,0,0
BRDA:207,11,0,4
BRDA:212,12,0,6
BRDA:214,13,0,4
BRDA:237,14,0,0
BRDA:237,14,1,0
BRDA:246,15,0,0
BRDA:254,16,0,0
BRF:24
BRH:12
end_of_record
TN:
SF:server/src/services/ai/aiInference.service.ts
FN:23,(anonymous_7)
FN:83,(anonymous_9)
FN:103,(anonymous_11)
FN:135,(anonymous_13)
FN:172,(anonymous_15)
FN:186,(anonymous_17)
FN:191,(anonymous_18)
FN:196,(anonymous_19)
FN:232,(anonymous_20)
FN:251,(anonymous_22)
FN:257,(anonymous_23)
FN:310,(anonymous_24)
FN:324,(anonymous_25)
FN:356,(anonymous_27)
FN:372,(anonymous_29)
FN:375,(anonymous_30)
FN:399,(anonymous_31)
FN:419,(anonymous_32)
FN:450,(anonymous_33)
FN:482,(anonymous_35)
FN:525,(anonymous_36)
FN:585,(anonymous_37)
FN:640,(anonymous_38)
FN:672,(anonymous_40)
FN:745,(anonymous_42)
FN:753,(anonymous_43)
FN:761,(anonymous_44)
FN:775,(anonymous_45)
FN:790,(anonymous_46)
FN:795,(anonymous_47)
FN:807,(anonymous_48)
FN:853,(anonymous_49)
FN:887,(anonymous_50)
FN:919,(anonymous_52)
FN:960,(anonymous_53)
FN:981,(anonymous_54)
FN:1003,(anonymous_55)
FN:1022,(anonymous_56)
FN:1051,(anonymous_57)
FN:1065,(anonymous_58)
FN:1087,(anonymous_59)
FN:1104,(anonymous_60)
FN:1128,(anonymous_61)
FN:1162,(anonymous_62)
FN:1194,(anonymous_64)
FN:1253,(anonymous_65)
FN:1293,(anonymous_66)
FN:1352,(anonymous_67)
FN:1370,(anonymous_68)
FN:1385,(anonymous_69)
FN:1403,(anonymous_70)
FN:1418,(anonymous_71)
FN:1450,(anonymous_72)
FN:1480,(anonymous_73)
FN:1500,(anonymous_74)
FN:1520,(anonymous_75)
FN:1537,(anonymous_76)
FN:1558,(anonymous_77)
FN:1584,(anonymous_78)
FN:1608,(anonymous_79)
FN:1638,(anonymous_80)
FN:1677,(anonymous_81)
FN:1697,(anonymous_82)
FN:1717,(anonymous_83)
FN:1728,(anonymous_84)
FN:1745,(anonymous_85)
FN:1756,(anonymous_86)
FN:1773,(anonymous_87)
FN:1786,(anonymous_88)
FN:1821,(anonymous_89)
FN:1830,(anonymous_90)
FN:1840,(anonymous_91)
FN:1850,(anonymous_92)
FN:1860,(anonymous_93)
FN:1866,(anonymous_94)
FN:1877,(anonymous_95)
FN:1903,(anonymous_96)
FN:1927,(anonymous_97)
FN:1928,(anonymous_98)
FN:1939,(anonymous_99)
FN:1940,(anonymous_100)
FN:1949,(anonymous_101)
FN:1952,(anonymous_102)
FN:1952,(anonymous_103)
FN:1953,(anonymous_104)
FN:1955,(anonymous_105)
FN:1956,(anonymous_106)
FNF:87
FNH:13
FNDA:1,(anonymous_7)
FNDA:0,(anonymous_9)
FNDA:1,(anonymous_11)
FNDA:0,(anonymous_13)
FNDA:0,(anonymous_15)
FNDA:0,(anonymous_17)
FNDA:0,(anonymous_18)
FNDA:0,(anonymous_19)
FNDA:0,(anonymous_20)
FNDA:0,(anonymous_22)
FNDA:0,(anonymous_23)
FNDA:0,(anonymous_24)
FNDA:0,(anonymous_25)
FNDA:0,(anonymous_27)
FNDA:0,(anonymous_29)
FNDA:0,(anonymous_30)
FNDA:0,(anonymous_31)
FNDA:0,(anonymous_32)
FNDA:0,(anonymous_33)
FNDA:0,(anonymous_35)
FNDA:0,(anonymous_36)
FNDA:0,(anonymous_37)
FNDA:0,(anonymous_38)
FNDA:0,(anonymous_40)
FNDA:0,(anonymous_42)
FNDA:0,(anonymous_43)
FNDA:0,(anonymous_44)
FNDA:0,(anonymous_45)
FNDA:0,(anonymous_46)
FNDA:0,(anonymous_47)
FNDA:0,(anonymous_48)
FNDA:0,(anonymous_49)
FNDA:0,(anonymous_50)
FNDA:0,(anonymous_52)
FNDA:0,(anonymous_53)
FNDA:0,(anonymous_54)
FNDA:0,(anonymous_55)
FNDA:0,(anonymous_56)
FNDA:0,(anonymous_57)
FNDA:0,(anonymous_58)
FNDA:0,(anonymous_59)
FNDA:0,(anonymous_60)
FNDA:0,(anonymous_61)
FNDA:0,(anonymous_62)
FNDA:0,(anonymous_64)
FNDA:0,(anonymous_65)
FNDA:0,(anonymous_66)
FNDA:0,(anonymous_67)
FNDA:0,(anonymous_68)
FNDA:0,(anonymous_69)
FNDA:0,(anonymous_70)
FNDA:0,(anonymous_71)
FNDA:0,(anonymous_72)
FNDA:0,(anonymous_73)
FNDA:0,(anonymous_74)
FNDA:0,(anonymous_75)
FNDA:0,(anonymous_76)
FNDA:0,(anonymous_77)
FNDA:0,(anonymous_78)
FNDA:0,(anonymous_79)
FNDA:0,(anonymous_80)
FNDA:0,(anonymous_81)
FNDA:0,(anonymous_82)
FNDA:0,(anonymous_83)
FNDA:0,(anonymous_84)
FNDA:0,(anonymous_85)
FNDA:0,(anonymous_86)
FNDA:0,(anonymous_87)
FNDA:0,(anonymous_88)
FNDA:0,(anonymous_89)
FNDA:0,(anonymous_90)
FNDA:0,(anonymous_91)
FNDA:0,(anonymous_92)
FNDA:1,(anonymous_93)
FNDA:1,(anonymous_94)
FNDA:0,(anonymous_95)
FNDA:1,(anonymous_96)
FNDA:0,(anonymous_97)
FNDA:0,(anonymous_98)
FNDA:1,(anonymous_99)
FNDA:1,(anonymous_100)
FNDA:1,(anonymous_101)
FNDA:50,(anonymous_102)
FNDA:50,(anonymous_103)
FNDA:50,(anonymous_104)
FNDA:1,(anonymous_105)
FNDA:50,(anonymous_106)
DA:1,1
DA:2,1
DA:4,1
DA:5,1
DA:6,1
DA:7,1
DA:8,1
DA:10,1
DA:24,1
DA:26,1
DA:31,1
DA:32,0
DA:33,0
DA:36,1
DA:40,1
DA:42,1
DA:43,1
DA:45,0
DA:46,0
DA:48,0
DA:49,0
DA:51,0
DA:52,0
DA:54,0
DA:55,0
DA:57,0
DA:58,0
DA:60,0
DA:61,0
DA:63,0
DA:67,1
DA:69,1
DA:71,0
DA:73,0
DA:84,0
DA:85,0
DA:88,0
DA:89,0
DA:90,0
DA:93,0
DA:95,0
DA:96,0
DA:104,1
DA:106,1
DA:107,0
DA:111,1
DA:112,1
DA:115,1
DA:116,1
DA:119,1
DA:120,1
DA:123,1
DA:125,1
DA:127,0
DA:128,0
DA:136,0
DA:138,0
DA:139,0
DA:143,0
DA:144,0
DA:148,0
DA:149,0
DA:152,0
DA:153,0
DA:156,0
DA:157,0
DA:160,0
DA:162,0
DA:164,0
DA:165,0
DA:173,0
DA:174,0
DA:175,0
DA:176,0
DA:178,0
DA:179,0
DA:187,0
DA:190,0
DA:191,0
DA:196,0
DA:197,0
DA:198,0
DA:202,0
DA:203,0
DA:205,0
DA:208,0
DA:214,0
DA:233,0
DA:235,0
DA:241,0
DA:243,0
DA:244,0
DA:252,0
DA:254,0
DA:257,0
DA:258,0
DA:260,0
DA:261,0
DA:262,0
DA:264,0
DA:265,0
DA:268,0
DA:269,0
DA:276,0
DA:277,0
DA:278,0
DA:280,0
DA:281,0
DA:284,0
DA:288,0
DA:289,0
DA:290,0
DA:292,0
DA:293,0
DA:296,0
DA:297,0
DA:300,0
DA:306,0
DA:309,0
DA:311,0
DA:312,0
DA:313,0
DA:325,0
DA:327,0
DA:328,0
DA:332,0
DA:333,0
DA:336,0
DA:337,0
DA:340,0
DA:341,0
DA:344,0
DA:346,0
DA:348,0
DA:349,0
DA:357,0
DA:359,0
DA:361,0
DA:362,0
DA:364,0
DA:365,0
DA:373,0
DA:374,0
DA:375,0
DA:377,0
DA:378,0
DA:381,0
DA:383,0
DA:384,0
DA:386,0
DA:389,0
DA:390,0
DA:391,0
DA:392,0
DA:395,0
DA:396,0
DA:398,0
DA:399,0
DA:400,0
DA:401,0
DA:406,0
DA:413,0
DA:420,0
DA:421,0
DA:424,0
DA:426,0
DA:429,0
DA:440,0
DA:442,0
DA:443,0
DA:451,0
DA:453,0
DA:454,0
DA:458,0
DA:459,0
DA:462,0
DA:463,0
DA:466,0
DA:467,0
DA:470,0
DA:472,0
DA:474,0
DA:475,0
DA:483,0
DA:485,0
DA:487,0
DA:488,0
DA:489,0
DA:491,0
DA:492,0
DA:493,0
DA:494,0
DA:498,0
DA:499,0
DA:500,0
DA:502,0
DA:503,0
DA:504,0
DA:505,0
DA:509,0
DA:511,0
DA:519,0
DA:532,0
DA:533,0
DA:536,0
DA:538,0
DA:539,0
DA:540,0
DA:541,0
DA:543,0
DA:546,0
DA:550,0
DA:553,0
DA:577,0
DA:578,0
DA:586,0
DA:587,0
DA:591,0
DA:594,0
DA:595,0
DA:596,0
DA:599,0
DA:600,0
DA:603,0
DA:607,0
DA:610,0
DA:614,0
DA:619,0
DA:620,0
DA:621,0
DA:624,0
DA:625,0
DA:626,0
DA:627,0
DA:628,0
DA:629,0
DA:634,0
DA:641,0
DA:643,0
DA:644,0
DA:648,0
DA:649,0
DA:652,0
DA:653,0
DA:656,0
DA:657,0
DA:660,0
DA:662,0
DA:664,0
DA:665,0
DA:673,0
DA:675,0
DA:676,0
DA:682,0
DA:683,0
DA:685,0
DA:686,0
DA:688,0
DA:689,0
DA:691,0
DA:692,0
DA:693,0
DA:696,0
DA:737,0
DA:738,0
DA:746,0
DA:747,0
DA:754,0
DA:755,0
DA:762,0
DA:769,0
DA:776,0
DA:784,0
DA:791,0
DA:795,0
DA:796,0
DA:797,0
DA:801,0
DA:808,0
DA:810,0
DA:812,0
DA:813,0
DA:814,0
DA:815,0
DA:816,0
DA:817,0
DA:820,0
DA:821,0
DA:822,0
DA:823,0
DA:824,0
DA:826,0
DA:827,0
DA:828,0
DA:829,0
DA:830,0
DA:831,0
DA:833,0
DA:834,0
DA:837,0
DA:847,0
DA:854,0
DA:855,0
DA:858,0
DA:860,0
DA:863,0
DA:879,0
DA:880,0
DA:888,0
DA:890,0
DA:891,0
DA:895,0
DA:896,0
DA:899,0
DA:900,0
DA:903,0
DA:904,0
DA:907,0
DA:909,0
DA:911,0
DA:912,0
DA:920,0
DA:922,0
DA:923,0
DA:926,0
DA:929,0
DA:930,0
DA:933,0
DA:936,0
DA:952,0
DA:953,0
DA:961,0
DA:962,0
DA:964,0
DA:965,0
DA:966,0
DA:967,0
DA:968,0
DA:969,0
DA:970,0
DA:971,0
DA:972,0
DA:973,0
DA:974,0
DA:975,0
DA:985,0
DA:987,0
DA:990,0
DA:997,0
DA:1007,0
DA:1009,0
DA:1016,0
DA:1026,0
DA:1027,0
DA:1029,0
DA:1036,0
DA:1055,0
DA:1069,0
DA:1070,0
DA:1077,0
DA:1078,0
DA:1081,0
DA:1088,0
DA:1090,0
DA:1092,0
DA:1093,0
DA:1094,0
DA:1095,0
DA:1098,0
DA:1099,0
DA:1100,0
DA:1101,0
DA:1103,0
DA:1104,0
DA:1105,0
DA:1108,0
DA:1109,0
DA:1112,0
DA:1122,0
DA:1129,0
DA:1130,0
DA:1133,0
DA:1135,0
DA:1138,0
DA:1154,0
DA:1155,0
DA:1163,0
DA:1165,0
DA:1166,0
DA:1170,0
DA:1171,0
DA:1174,0
DA:1175,0
DA:1178,0
DA:1179,0
DA:1182,0
DA:1184,0
DA:1186,0
DA:1187,0
DA:1195,0
DA:1197,0
DA:1199,0
DA:1200,0
DA:1201,0
DA:1202,0
DA:1203,0
DA:1206,0
DA:1207,0
DA:1208,0
DA:1209,0
DA:1212,0
DA:1213,0
DA:1214,0
DA:1217,0
DA:1218,0
DA:1219,0
DA:1220,0
DA:1221,0
DA:1222,0
DA:1224,0
DA:1225,0
DA:1226,0
DA:1227,0
DA:1228,0
DA:1229,0
DA:1232,0
DA:1233,0
DA:1236,0
DA:1247,0
DA:1254,0
DA:1255,0
DA:1258,0
DA:1260,0
DA:1263,0
DA:1285,0
DA:1286,0
DA:1294,0
DA:1296,0
DA:1299,0
DA:1301,0
DA:1302,0
DA:1306,0
DA:1309,0
DA:1321,0
DA:1336,0
DA:1337,0
DA:1353,0
DA:1367,0
DA:1371,0
DA:1382,0
DA:1386,0
DA:1400,0
DA:1404,0
DA:1415,0
DA:1420,0
DA:1435,0
DA:1447,0
DA:1452,0
DA:1477,0
DA:1482,0
DA:1497,0
DA:1502,0
DA:1517,0
DA:1522,0
DA:1534,0
DA:1539,0
DA:1551,0
DA:1559,0
DA:1561,0
DA:1563,0
DA:1565,0
DA:1567,0
DA:1569,0
DA:1571,0
DA:1573,0
DA:1575,0
DA:1577,0
DA:1586,0
DA:1589,0
DA:1590,0
DA:1593,0
DA:1598,0
DA:1610,0
DA:1611,0
DA:1612,0
DA:1614,0
DA:1615,0
DA:1619,0
DA:1620,0
DA:1621,0
DA:1622,0
DA:1623,0
DA:1625,0
DA:1628,0
DA:1630,0
DA:1631,0
DA:1640,0
DA:1641,0
DA:1647,0
DA:1648,0
DA:1650,0
DA:1651,0
DA:1652,0
DA:1653,0
DA:1658,0
DA:1659,0
DA:1660,0
DA:1661,0
DA:1662,0
DA:1664,0
DA:1667,0
DA:1669,0
DA:1670,0
DA:1678,0
DA:1691,0
DA:1698,0
DA:1711,0
DA:1719,0
DA:1722,0
DA:1723,0
DA:1727,0
DA:1728,0
DA:1729,0
DA:1730,0
DA:1732,0
DA:1733,0
DA:1734,0
DA:1739,0
DA:1747,0
DA:1750,0
DA:1751,0
DA:1755,0
DA:1756,0
DA:1757,0
DA:1758,0
DA:1760,0
DA:1761,0
DA:1762,0
DA:1767,0
DA:1774,0
DA:1775,0
DA:1777,0
DA:1778,0
DA:1782,0
DA:1785,0
DA:1786,0
DA:1787,0
DA:1788,0
DA:1789,0
DA:1792,0
DA:1793,0
DA:1794,0
DA:1797,0
DA:1801,0
DA:1804,0
DA:1806,0
DA:1812,0
DA:1813,0
DA:1823,0
DA:1832,0
DA:1842,0
DA:1852,0
DA:1863,1
DA:1867,1
DA:1869,1
DA:1871,1
DA:1872,1
DA:1873,1
DA:1874,1
DA:1876,0
DA:1877,0
DA:1878,0
DA:1879,0
DA:1882,0
DA:1884,0
DA:1885,0
DA:1886,0
DA:1887,0
DA:1888,0
DA:1891,0
DA:1896,1
DA:1897,1
DA:1898,1
DA:1900,1
DA:1906,1
DA:1908,1
DA:1913,0
DA:1919,0
DA:1928,0
DA:1929,0
DA:1930,0
DA:1931,0
DA:1932,0
DA:1934,0
DA:1936,0
DA:1940,1
DA:1941,1
DA:1942,1
DA:1943,47
DA:1945,1
DA:1950,1
DA:1952,50
DA:1953,50
DA:1955,1
DA:1956,1
DA:1957,50
DA:1963,1
LF:607
LH:52
BRDA:31,0,0,0
BRDA:40,1,0,1
BRDA:40,1,1,0
BRDA:40,1,2,0
BRDA:40,1,3,0
BRDA:40,1,4,0
BRDA:40,1,5,0
BRDA:40,1,6,0
BRDA:40,1,7,0
BRDA:71,2,0,0
BRDA:71,2,1,0
BRDA:95,3,0,0
BRDA:95,3,1,0
BRDA:106,4,0,0
BRDA:127,5,0,0
BRDA:127,5,1,0
BRDA:138,6,0,0
BRDA:138,7,0,0
BRDA:138,7,1,0
BRDA:138,7,2,0
BRDA:138,7,3,0
BRDA:143,8,0,0
BRDA:164,9,0,0
BRDA:164,9,1,0
BRDA:178,10,0,0
BRDA:178,10,1,0
BRDA:190,11,0,0
BRDA:190,11,1,0
BRDA:197,12,0,0
BRDA:197,12,1,0
BRDA:197,12,2,0
BRDA:198,13,0,0
BRDA:198,13,1,0
BRDA:202,14,0,0
BRDA:202,14,1,0
BRDA:203,15,0,0
BRDA:203,15,1,0
BRDA:208,16,0,0
BRDA:208,16,1,0
BRDA:236,17,0,0
BRDA:236,17,1,0
BRDA:243,18,0,0
BRDA:243,18,1,0
BRDA:258,19,0,0
BRDA:258,19,1,0
BRDA:264,20,0,0
BRDA:264,20,1,0
BRDA:269,21,0,0
BRDA:269,21,1,0
BRDA:270,22,0,0
BRDA:270,22,1,0
BRDA:270,23,0,0
BRDA:270,23,1,0
BRDA:270,24,0,0
BRDA:270,24,1,0
BRDA:270,25,0,0
BRDA:270,25,1,0
BRDA:270,26,0,0
BRDA:270,26,1,0
BRDA:280,27,0,0
BRDA:280,27,1,0
BRDA:292,28,0,0
BRDA:292,28,1,0
BRDA:306,29,0,0
BRDA:306,29,1,0
BRDA:311,30,0,0
BRDA:311,30,1,0
BRDA:312,31,0,0
BRDA:312,31,1,0
BRDA:327,32,0,0
BRDA:348,33,0,0
BRDA:348,33,1,0
BRDA:364,34,0,0
BRDA:364,34,1,0
BRDA:377,35,0,0
BRDA:378,36,0,0
BRDA:378,36,1,0
BRDA:383,37,0,0
BRDA:383,37,1,0
BRDA:395,38,0,0
BRDA:395,39,0,0
BRDA:395,39,1,0
BRDA:398,40,0,0
BRDA:400,41,0,0
BRDA:420,42,0,0
BRDA:432,43,0,0
BRDA:432,43,1,0
BRDA:433,44,0,0
BRDA:433,44,1,0
BRDA:434,45,0,0
BRDA:434,45,1,0
BRDA:435,46,0,0
BRDA:435,46,1,0
BRDA:436,47,0,0
BRDA:436,47,1,0
BRDA:442,48,0,0
BRDA:442,48,1,0
BRDA:453,49,0,0
BRDA:453,50,0,0
BRDA:453,50,1,0
BRDA:474,51,0,0
BRDA:474,51,1,0
BRDA:483,52,0,0
BRDA:483,52,1,0
BRDA:487,53,0,0
BRDA:487,53,1,0
BRDA:488,54,0,0
BRDA:491,55,0,0
BRDA:493,56,0,0
BRDA:498,57,0,0
BRDA:498,57,1,0
BRDA:499,58,0,0
BRDA:502,59,0,0
BRDA:504,60,0,0
BRDA:532,61,0,0
BRDA:540,62,0,0
BRDA:540,62,1,0
BRDA:540,63,0,0
BRDA:540,63,1,0
BRDA:556,64,0,0
BRDA:556,64,1,0
BRDA:557,65,0,0
BRDA:557,65,1,0
BRDA:558,66,0,0
BRDA:558,66,1,0
BRDA:561,67,0,0
BRDA:561,67,1,0
BRDA:562,68,0,0
BRDA:562,68,1,0
BRDA:563,69,0,0
BRDA:563,69,1,0
BRDA:568,70,0,0
BRDA:568,70,1,0
BRDA:569,71,0,0
BRDA:569,71,1,0
BRDA:570,72,0,0
BRDA:570,72,1,0
BRDA:571,73,0,0
BRDA:571,73,1,0
BRDA:572,74,0,0
BRDA:572,74,1,0
BRDA:573,75,0,0
BRDA:573,75,1,0
BRDA:577,76,0,0
BRDA:577,76,1,0
BRDA:586,77,0,0
BRDA:586,78,0,0
BRDA:586,78,1,0
BRDA:594,79,0,0
BRDA:594,80,0,0
BRDA:594,80,1,0
BRDA:599,81,0,0
BRDA:599,81,1,0
BRDA:603,82,0,0
BRDA:603,82,1,0
BRDA:604,83,0,0
BRDA:604,83,1,0
BRDA:604,83,2,0
BRDA:610,84,0,0
BRDA:611,85,0,0
BRDA:611,85,1,0
BRDA:619,86,0,0
BRDA:619,87,0,0
BRDA:619,87,1,0
BRDA:624,88,0,0
BRDA:624,88,1,0
BRDA:626,89,0,0
BRDA:626,89,1,0
BRDA:628,90,0,0
BRDA:643,91,0,0
BRDA:643,92,0,0
BRDA:643,92,1,0
BRDA:664,93,0,0
BRDA:664,93,1,0
BRDA:676,94,0,0
BRDA:676,94,1,0
BRDA:700,95,0,0
BRDA:700,95,1,0
BRDA:701,96,0,0
BRDA:701,96,1,0
BRDA:737,97,0,0
BRDA:737,97,1,0
BRDA:769,98,0,0
BRDA:769,98,1,0
BRDA:784,99,0,0
BRDA:784,99,1,0
BRDA:796,100,0,0
BRDA:814,101,0,0
BRDA:814,101,1,0
BRDA:815,102,0,0
BRDA:815,102,1,0
BRDA:816,103,0,0
BRDA:833,104,0,0
BRDA:854,105,0,0
BRDA:868,106,0,0
BRDA:868,106,1,0
BRDA:869,107,0,0
BRDA:869,107,1,0
BRDA:870,108,0,0
BRDA:870,108,1,0
BRDA:871,109,0,0
BRDA:871,109,1,0
BRDA:872,110,0,0
BRDA:872,110,1,0
BRDA:873,111,0,0
BRDA:873,111,1,0
BRDA:874,112,0,0
BRDA:874,112,1,0
BRDA:875,113,0,0
BRDA:875,113,1,0
BRDA:879,114,0,0
BRDA:879,114,1,0
BRDA:890,115,0,0
BRDA:911,116,0,0
BRDA:911,116,1,0
BRDA:923,117,0,0
BRDA:923,117,1,0
BRDA:939,118,0,0
BRDA:939,118,1,0
BRDA:940,119,0,0
BRDA:940,119,1,0
BRDA:952,120,0,0
BRDA:952,120,1,0
BRDA:964,121,0,0
BRDA:964,122,0,0
BRDA:964,122,1,0
BRDA:964,122,2,0
BRDA:964,122,3,0
BRDA:965,123,0,0
BRDA:965,124,0,0
BRDA:965,124,1,0
BRDA:965,124,2,0
BRDA:965,124,3,0
BRDA:966,125,0,0
BRDA:966,126,0,0
BRDA:966,126,1,0
BRDA:966,126,2,0
BRDA:966,126,3,0
BRDA:967,127,0,0
BRDA:967,128,0,0
BRDA:967,128,1,0
BRDA:967,128,2,0
BRDA:967,128,3,0
BRDA:968,129,0,0
BRDA:968,130,0,0
BRDA:968,130,1,0
BRDA:968,130,2,0
BRDA:968,130,3,0
BRDA:969,131,0,0
BRDA:969,132,0,0
BRDA:969,132,1,0
BRDA:969,132,2,0
BRDA:969,132,3,0
BRDA:970,133,0,0
BRDA:970,134,0,0
BRDA:970,134,1,0
BRDA:970,134,2,0
BRDA:970,134,3,0
BRDA:971,135,0,0
BRDA:971,136,0,0
BRDA:971,136,1,0
BRDA:971,136,2,0
BRDA:971,136,3,0
BRDA:972,137,0,0
BRDA:972,138,0,0
BRDA:972,138,1,0
BRDA:972,138,2,0
BRDA:972,138,3,0
BRDA:973,139,0,0
BRDA:973,140,0,0
BRDA:973,140,1,0
BRDA:973,140,2,0
BRDA:973,140,3,0
BRDA:974,141,0,0
BRDA:974,142,0,0
BRDA:974,142,1,0
BRDA:974,142,2,0
BRDA:974,142,3,0
BRDA:985,143,0,0
BRDA:1094,144,0,0
BRDA:1108,145,0,0
BRDA:1129,146,0,0
BRDA:1143,147,0,0
BRDA:1143,147,1,0
BRDA:1144,148,0,0
BRDA:1144,148,1,0
BRDA:1145,149,0,0
BRDA:1145,149,1,0
BRDA:1146,150,0,0
BRDA:1146,150,1,0
BRDA:1147,151,0,0
BRDA:1147,151,1,0
BRDA:1148,152,0,0
BRDA:1148,152,1,0
BRDA:1149,153,0,0
BRDA:1149,153,1,0
BRDA:1150,154,0,0
BRDA:1150,154,1,0
BRDA:1154,155,0,0
BRDA:1154,155,1,0
BRDA:1165,156,0,0
BRDA:1186,157,0,0
BRDA:1186,157,1,0
BRDA:1200,158,0,0
BRDA:1200,158,1,0
BRDA:1202,159,0,0
BRDA:1208,160,0,0
BRDA:1217,161,0,0
BRDA:1232,162,0,0
BRDA:1254,163,0,0
BRDA:1265,164,0,0
BRDA:1265,164,1,0
BRDA:1267,165,0,0
BRDA:1267,165,1,0
BRDA:1271,166,0,0
BRDA:1271,166,1,0
BRDA:1273,167,0,0
BRDA:1273,167,1,0
BRDA:1274,168,0,0
BRDA:1274,168,1,0
BRDA:1275,169,0,0
BRDA:1275,169,1,0
BRDA:1276,170,0,0
BRDA:1276,170,1,0
BRDA:1277,171,0,0
BRDA:1277,171,1,0
BRDA:1278,172,0,0
BRDA:1278,172,1,0
BRDA:1279,173,0,0
BRDA:1279,173,1,0
BRDA:1280,174,0,0
BRDA:1280,174,1,0
BRDA:1281,175,0,0
BRDA:1281,175,1,0
BRDA:1285,176,0,0
BRDA:1285,176,1,0
BRDA:1301,177,0,0
BRDA:1323,178,0,0
BRDA:1323,178,1,0
BRDA:1336,179,0,0
BRDA:1336,179,1,0
BRDA:1339,180,0,0
BRDA:1339,180,1,0
BRDA:1340,181,0,0
BRDA:1340,181,1,0
BRDA:1367,182,0,0
BRDA:1367,182,1,0
BRDA:1382,183,0,0
BRDA:1382,183,1,0
BRDA:1400,184,0,0
BRDA:1400,184,1,0
BRDA:1415,185,0,0
BRDA:1415,185,1,0
BRDA:1447,186,0,0
BRDA:1447,186,1,0
BRDA:1447,187,0,0
BRDA:1447,187,1,0
BRDA:1477,188,0,0
BRDA:1477,188,1,0
BRDA:1477,188,2,0
BRDA:1477,189,0,0
BRDA:1477,189,1,0
BRDA:1477,190,0,0
BRDA:1477,190,1,0
BRDA:1497,191,0,0
BRDA:1497,191,1,0
BRDA:1517,192,0,0
BRDA:1517,192,1,0
BRDA:1534,193,0,0
BRDA:1534,193,1,0
BRDA:1551,194,0,0
BRDA:1551,194,1,0
BRDA:1561,195,0,0
BRDA:1561,195,1,0
BRDA:1561,195,2,0
BRDA:1561,195,3,0
BRDA:1561,195,4,0
BRDA:1561,195,5,0
BRDA:1561,195,6,0
BRDA:1561,195,7,0
BRDA:1589,196,0,0
BRDA:1595,197,0,0
BRDA:1595,197,1,0
BRDA:1630,198,0,0
BRDA:1630,198,1,0
BRDA:1652,199,0,0
BRDA:1669,200,0,0
BRDA:1669,200,1,0
BRDA:1691,201,0,0
BRDA:1691,201,1,0
BRDA:1711,202,0,0
BRDA:1711,202,1,0
BRDA:1722,203,0,0
BRDA:1722,204,0,0
BRDA:1722,204,1,0
BRDA:1729,205,0,0
BRDA:1729,206,0,0
BRDA:1729,206,1,0
BRDA:1729,206,2,0
BRDA:1733,207,0,0
BRDA:1739,208,0,0
BRDA:1739,208,1,0
BRDA:1750,209,0,0
BRDA:1750,210,0,0
BRDA:1750,210,1,0
BRDA:1757,211,0,0
BRDA:1757,212,0,0
BRDA:1757,212,1,0
BRDA:1757,212,2,0
BRDA:1761,213,0,0
BRDA:1767,214,0,0
BRDA:1767,214,1,0
BRDA:1777,215,0,0
BRDA:1777,216,0,0
BRDA:1777,216,1,0
BRDA:1777,216,2,0
BRDA:1787,217,0,0
BRDA:1787,217,1,0
BRDA:1789,218,0,0
BRDA:1789,218,1,0
BRDA:1793,219,0,0
BRDA:1794,220,0,0
BRDA:1794,220,1,0
BRDA:1797,221,0,0
BRDA:1797,221,1,0
BRDA:1812,222,0,0
BRDA:1812,222,1,0
BRDA:1869,223,0,1
BRDA:1869,223,1,0
BRDA:1869,223,2,0
BRDA:1871,224,0,1
BRDA:1871,224,1,1
BRDA:1872,225,0,1
BRDA:1872,225,1,1
BRDA:1873,226,0,1
BRDA:1873,226,1,1
BRDA:1876,227,0,0
BRDA:1878,228,0,0
BRDA:1878,228,1,0
BRDA:1879,229,0,0
BRDA:1879,229,1,0
BRDA:1885,230,0,0
BRDA:1885,230,1,0
BRDA:1887,231,0,0
BRDA:1906,232,0,1
BRDA:1906,232,1,0
BRDA:1906,232,2,0
BRDA:1927,233,0,0
BRDA:1950,234,0,0
BRDA:1957,235,0,50
BRDA:1957,235,1,0
BRF:451
BRH:10
end_of_record
TN:
SF:server/src/services/ai/modelTraining.service.ts
FN:17,(anonymous_7)
FN:17,(anonymous_8)
FN:95,(anonymous_9)
FN:136,(anonymous_11)
FN:148,(anonymous_13)
FN:170,(anonymous_14)
FN:190,(anonymous_16)
FN:210,(anonymous_18)
FN:230,(anonymous_20)
FN:250,(anonymous_22)
FN:271,(anonymous_24)
FN:291,(anonymous_26)
FN:312,(anonymous_28)
FN:342,(anonymous_29)
FN:354,(anonymous_30)
FN:375,(anonymous_31)
FN:393,(anonymous_32)
FN:394,(anonymous_33)
FN:406,(anonymous_34)
FN:407,(anonymous_35)
FN:416,(anonymous_36)
FN:419,(anonymous_37)
FN:419,(anonymous_38)
FN:420,(anonymous_39)
FN:422,(anonymous_40)
FN:423,(anonymous_41)
FNF:26
FNH:16
FNDA:1,(anonymous_7)
FNDA:1,(anonymous_8)
FNDA:0,(anonymous_9)
FNDA:0,(anonymous_11)
FNDA:0,(anonymous_13)
FNDA:1,(anonymous_14)
FNDA:0,(anonymous_16)
FNDA:0,(anonymous_18)
FNDA:0,(anonymous_20)
FNDA:0,(anonymous_22)
FNDA:0,(anonymous_24)
FNDA:0,(anonymous_26)
FNDA:1,(anonymous_28)
FNDA:10,(anonymous_29)
FNDA:0,(anonymous_30)
FNDA:10,(anonymous_31)
FNDA:10,(anonymous_32)
FNDA:30,(anonymous_33)
FNDA:2,(anonymous_34)
FNDA:20,(anonymous_35)
FNDA:2,(anonymous_36)
FNDA:23,(anonymous_37)
FNDA:230,(anonymous_38)
FNDA:23,(anonymous_39)
FNDA:20,(anonymous_40)
FNDA:230,(anonymous_41)
DA:1,1
DA:2,1
DA:4,1
DA:17,1
DA:18,1
DA:19,1
DA:21,1
DA:22,1
DA:23,0
DA:24,0
DA:27,1
DA:28,0
DA:29,0
DA:32,1
DA:33,1
DA:35,1
DA:37,1
DA:39,1
DA:40,1
DA:42,0
DA:43,0
DA:45,0
DA:46,0
DA:48,0
DA:49,0
DA:51,0
DA:52,0
DA:54,0
DA:55,0
DA:57,0
DA:58,0
DA:60,0
DA:63,1
DA:65,1
DA:66,1
DA:67,1
DA:69,1
DA:70,1
DA:71,1
DA:73,1
DA:74,1
DA:76,1
DA:78,0
DA:79,0
DA:81,0
DA:82,0
DA:85,0
DA:86,0
DA:96,0
DA:97,0
DA:102,0
DA:103,0
DA:106,0
DA:107,0
DA:108,0
DA:111,0
DA:114,0
DA:115,0
DA:117,0
DA:118,0
DA:119,0
DA:121,0
DA:123,0
DA:125,0
DA:126,0
DA:137,0
DA:138,0
DA:143,0
DA:144,0
DA:147,0
DA:148,0
DA:156,0
DA:157,0
DA:160,0
DA:161,0
DA:163,0
DA:165,0
DA:166,0
DA:171,1
DA:172,1
DA:174,1
DA:175,1
DA:176,1
DA:177,1
DA:179,1
DA:181,1
DA:186,1
DA:187,1
DA:191,0
DA:192,0
DA:194,0
DA:195,0
DA:196,0
DA:197,0
DA:199,0
DA:201,0
DA:206,0
DA:207,0
DA:211,0
DA:212,0
DA:214,0
DA:215,0
DA:216,0
DA:217,0
DA:219,0
DA:221,0
DA:226,0
DA:227,0
DA:231,0
DA:232,0
DA:234,0
DA:235,0
DA:236,0
DA:237,0
DA:239,0
DA:241,0
DA:246,0
DA:247,0
DA:251,0
DA:252,0
DA:254,0
DA:255,0
DA:256,0
DA:257,0
DA:258,0
DA:260,0
DA:262,0
DA:267,0
DA:268,0
DA:272,0
DA:273,0
DA:275,0
DA:276,0
DA:277,0
DA:278,0
DA:280,0
DA:282,0
DA:287,0
DA:288,0
DA:292,0
DA:293,0
DA:295,0
DA:296,0
DA:297,0
DA:298,0
DA:299,0
DA:301,0
DA:303,0
DA:308,0
DA:309,0
DA:313,1
DA:314,1
DA:315,1
DA:316,1
DA:318,1
DA:319,10
DA:320,10
DA:322,10
DA:323,1
DA:325,10
DA:326,1
DA:329,10
DA:330,10
DA:333,1
DA:334,1
DA:336,1
DA:337,1
DA:339,1
DA:343,10
DA:346,10
DA:348,10
DA:349,10
DA:350,10
DA:351,10
DA:353,0
DA:354,0
DA:355,0
DA:356,0
DA:359,0
DA:363,0
DA:364,0
DA:365,0
DA:366,0
DA:367,0
DA:370,0
DA:372,10
DA:376,10
DA:378,10
DA:379,10
DA:380,0
DA:381,0
DA:384,0
DA:385,0
DA:386,0
DA:390,10
DA:394,10
DA:395,30
DA:396,30
DA:397,190
DA:398,190
DA:400,30
DA:403,10
DA:407,2
DA:408,20
DA:409,20
DA:410,0
DA:412,20
DA:417,2
DA:419,230
DA:420,23
DA:422,2
DA:423,20
DA:424,230
DA:430,1
LF:214
LH:82
BRDA:17,0,0,0
BRDA:22,1,0,0
BRDA:27,2,0,0
BRDA:27,3,0,1
BRDA:27,3,1,1
BRDA:37,4,0,1
BRDA:37,4,1,0
BRDA:37,4,2,0
BRDA:37,4,3,0
BRDA:37,4,4,0
BRDA:37,4,5,0
BRDA:37,4,6,0
BRDA:37,4,7,0
BRDA:81,5,0,0
BRDA:81,5,1,0
BRDA:85,6,0,0
BRDA:85,6,1,0
BRDA:102,7,0,0
BRDA:106,8,0,0
BRDA:106,8,1,0
BRDA:107,9,0,0
BRDA:125,10,0,0
BRDA:125,10,1,0
BRDA:143,11,0,0
BRDA:147,12,0,0
BRDA:147,13,0,0
BRDA:147,13,1,0
BRDA:165,14,0,0
BRDA:165,14,1,0
BRDA:182,15,0,1
BRDA:182,15,1,0
BRDA:183,16,0,1
BRDA:183,16,1,1
BRDA:202,17,0,0
BRDA:202,17,1,0
BRDA:203,18,0,0
BRDA:203,18,1,0
BRDA:222,19,0,0
BRDA:222,19,1,0
BRDA:223,20,0,0
BRDA:223,20,1,0
BRDA:242,21,0,0
BRDA:242,21,1,0
BRDA:243,22,0,0
BRDA:243,22,1,0
BRDA:263,23,0,0
BRDA:263,23,1,0
BRDA:264,24,0,0
BRDA:264,24,1,0
BRDA:283,25,0,0
BRDA:283,25,1,0
BRDA:284,26,0,0
BRDA:284,26,1,0
BRDA:304,27,0,0
BRDA:304,27,1,0
BRDA:305,28,0,0
BRDA:305,28,1,0
BRDA:322,29,0,1
BRDA:325,30,0,1
BRDA:346,31,0,10
BRDA:346,31,1,0
BRDA:346,31,2,0
BRDA:348,32,0,10
BRDA:348,32,1,10
BRDA:349,33,0,10
BRDA:349,33,1,10
BRDA:350,34,0,10
BRDA:350,34,1,10
BRDA:353,35,0,0
BRDA:355,36,0,0
BRDA:355,36,1,0
BRDA:356,37,0,0
BRDA:356,37,1,0
BRDA:364,38,0,0
BRDA:364,38,1,0
BRDA:366,39,0,0
BRDA:378,40,0,10
BRDA:378,40,1,0
BRDA:380,41,0,0
BRDA:380,41,1,0
BRDA:385,42,0,0
BRDA:393,43,0,0
BRDA:417,44,0,0
BRDA:424,45,0,200
BRDA:424,45,1,30
BRF:85
BRH:18
end_of_record
TN:
SF:server/src/services/ai/trainingData.service.ts
FN:19,(anonymous_7)
FN:19,(anonymous_8)
FN:39,(anonymous_9)
FN:51,(anonymous_10)
FN:90,(anonymous_11)
FN:97,(anonymous_13)
FN:137,(anonymous_14)
FN:137,(anonymous_15)
FN:164,(anonymous_16)
FN:201,(anonymous_17)
FN:201,(anonymous_18)
FN:209,(anonymous_19)
FN:230,(anonymous_20)
FN:248,(anonymous_21)
FN:305,(anonymous_22)
FNF:15
FNH:3
FNDA:0,(anonymous_7)
FNDA:0,(anonymous_8)
FNDA:0,(anonymous_9)
FNDA:0,(anonymous_10)
FNDA:0,(anonymous_11)
FNDA:0,(anonymous_13)
FNDA:1,(anonymous_14)
FNDA:1,(anonymous_15)
FNDA:10,(anonymous_16)
FNDA:0,(anonymous_17)
FNDA:0,(anonymous_18)
FNDA:0,(anonymous_19)
FNDA:0,(anonymous_20)
FNDA:0,(anonymous_21)
FNDA:0,(anonymous_22)
DA:2,1
DA:3,1
DA:4,1
DA:5,1
DA:6,1
DA:19,0
DA:20,0
DA:21,0
DA:24,0
DA:33,0
DA:34,0
DA:35,0
DA:39,0
DA:41,0
DA:42,0
DA:44,0
DA:51,0
DA:54,0
DA:56,0
DA:57,0
DA:58,0
DA:67,0
DA:68,0
DA:70,0
DA:71,0
DA:73,0
DA:76,0
DA:77,0
DA:79,0
DA:80,0
DA:91,0
DA:92,0
DA:93,0
DA:97,0
DA:106,0
DA:107,0
DA:108,0
DA:117,0
DA:118,0
DA:120,0
DA:121,0
DA:123,0
DA:125,0
DA:126,0
DA:137,1
DA:138,1
DA:139,1
DA:141,1
DA:142,0
DA:145,1
DA:148,1
DA:149,1
DA:150,0
DA:151,0
DA:156,0
DA:159,1
DA:160,0
DA:161,0
DA:164,10
DA:172,1
DA:173,1
DA:174,0
DA:182,1
DA:183,1
DA:185,1
DA:186,1
DA:188,1
DA:190,0
DA:191,0
DA:201,0
DA:202,0
DA:203,0
DA:204,0
DA:205,0
DA:208,0
DA:209,0
DA:210,0
DA:212,0
DA:214,0
DA:216,0
DA:217,0
DA:219,0
DA:221,0
DA:222,0
DA:231,0
DA:232,0
DA:233,0
DA:235,0
DA:237,0
DA:239,0
DA:245,0
DA:248,0
DA:252,0
DA:258,0
DA:270,0
DA:277,0
DA:284,0
DA:293,0
DA:296,0
DA:297,0
DA:306,0
DA:307,0
DA:308,0
DA:310,0
DA:312,0
DA:314,0
DA:323,0
DA:330,0
DA:337,0
DA:345,0
DA:353,0
DA:361,0
DA:368,0
DA:371,0
DA:372,0
DA:377,1
LF:116
LH:22
BRDA:19,0,0,0
BRDA:33,1,0,0
BRDA:48,2,0,0
BRDA:48,2,1,0
BRDA:48,3,0,0
BRDA:48,3,1,0
BRDA:51,4,0,0
BRDA:51,4,1,0
BRDA:54,5,0,0
BRDA:57,6,0,0
BRDA:79,7,0,0
BRDA:79,7,1,0
BRDA:92,8,0,0
BRDA:92,9,0,0
BRDA:92,9,1,0
BRDA:100,10,0,0
BRDA:100,10,1,0
BRDA:101,11,0,0
BRDA:101,11,1,0
BRDA:107,12,0,0
BRDA:125,13,0,0
BRDA:125,13,1,0
BRDA:137,14,0,0
BRDA:141,15,0,0
BRDA:148,16,0,1
BRDA:148,16,1,0
BRDA:150,17,0,0
BRDA:150,17,1,0
BRDA:159,18,0,0
BRDA:159,19,0,1
BRDA:159,19,1,1
BRDA:168,20,0,10
BRDA:168,20,1,0
BRDA:173,21,0,0
BRDA:190,22,0,0
BRDA:190,22,1,0
BRDA:201,23,0,0
BRDA:204,24,0,0
BRDA:210,25,0,0
BRDA:210,25,1,0
BRDA:221,26,0,0
BRDA:221,26,1,0
BRDA:235,27,0,0
BRDA:237,28,0,0
BRDA:237,28,1,0
BRDA:237,28,2,0
BRDA:237,28,3,0
BRDA:237,28,4,0
BRDA:237,28,5,0
BRDA:237,28,6,0
BRDA:237,28,7,0
BRDA:260,29,0,0
BRDA:260,29,1,0
BRDA:260,30,0,0
BRDA:260,30,1,0
BRDA:261,31,0,0
BRDA:261,31,1,0
BRDA:261,32,0,0
BRDA:261,32,1,0
BRDA:264,33,0,0
BRDA:264,33,1,0
BRDA:264,34,0,0
BRDA:264,34,1,0
BRDA:265,35,0,0
BRDA:265,35,1,0
BRDA:265,36,0,0
BRDA:265,36,1,0
BRDA:296,37,0,0
BRDA:296,37,1,0
BRDA:310,38,0,0
BRDA:312,39,0,0
BRDA:312,39,1,0
BRDA:312,39,2,0
BRDA:312,39,3,0
BRDA:312,39,4,0
BRDA:312,39,5,0
BRDA:312,39,6,0
BRDA:312,39,7,0
BRDA:371,40,0,0
BRDA:371,40,1,0
BRF:80
BRH:4
end_of_record
